Using pre-set license
Built from '2022.3/staging' branch; Version is '2022.3.10f1 (ff3792e53c62) revision 16725906'; Using compiler version '192829333'; Build Type 'Release'
OS: 'Windows 10  (10.0.19045) 64bit Core' Language: 'fr' Physical Memory: 16346 MB
BatchMode: 1, IsHumanControllingUs: 0, StartBugReporterOnCrash: 0, Is64bit: 1, IsPro: 1

COMMAND LINE ARGUMENTS:
A:\Program Files\Unity Hub\unity\2022.3.10f1\Editor\Unity.exe
-adb2
-batchMode
-noUpm
-name
AssetImportWorker0
-projectPath
C:/Users/katan/Documents/GitHub/Unity_Lion_Alexis_GD3_Materials/Lion_Alexis_Nature_Morte
-logFile
Logs/AssetImportWorker0.log
-srvPort
55861
Successfully changed project path to: C:/Users/katan/Documents/GitHub/Unity_Lion_Alexis_GD3_Materials/Lion_Alexis_Nature_Morte
C:/Users/katan/Documents/GitHub/Unity_Lion_Alexis_GD3_Materials/Lion_Alexis_Nature_Morte
[UnityMemory] Configuration Parameters - Can be set up in boot.config
    "memorysetup-bucket-allocator-granularity=16"
    "memorysetup-bucket-allocator-bucket-count=8"
    "memorysetup-bucket-allocator-block-size=33554432"
    "memorysetup-bucket-allocator-block-count=8"
    "memorysetup-main-allocator-block-size=16777216"
    "memorysetup-thread-allocator-block-size=16777216"
    "memorysetup-gfx-main-allocator-block-size=16777216"
    "memorysetup-gfx-thread-allocator-block-size=16777216"
    "memorysetup-cache-allocator-block-size=4194304"
    "memorysetup-typetree-allocator-block-size=2097152"
    "memorysetup-profiler-bucket-allocator-granularity=16"
    "memorysetup-profiler-bucket-allocator-bucket-count=8"
    "memorysetup-profiler-bucket-allocator-block-size=33554432"
    "memorysetup-profiler-bucket-allocator-block-count=8"
    "memorysetup-profiler-allocator-block-size=16777216"
    "memorysetup-profiler-editor-allocator-block-size=1048576"
    "memorysetup-temp-allocator-size-main=16777216"
    "memorysetup-job-temp-allocator-block-size=2097152"
    "memorysetup-job-temp-allocator-block-size-background=1048576"
    "memorysetup-job-temp-allocator-reduction-small-platforms=262144"
    "memorysetup-allocator-temp-initial-block-size-main=262144"
    "memorysetup-allocator-temp-initial-block-size-worker=262144"
    "memorysetup-temp-allocator-size-background-worker=32768"
    "memorysetup-temp-allocator-size-job-worker=262144"
    "memorysetup-temp-allocator-size-preload-manager=33554432"
    "memorysetup-temp-allocator-size-nav-mesh-worker=65536"
    "memorysetup-temp-allocator-size-audio-worker=65536"
    "memorysetup-temp-allocator-size-cloud-worker=32768"
    "memorysetup-temp-allocator-size-gi-baking-worker=262144"
    "memorysetup-temp-allocator-size-gfx=262144"
Player connection [41344] Host "[IP] 192.168.1.10 [Port] 0 [Flags] 2 [Guid] 1645461347 [EditorId] 1645461347 [Version] 1048832 [Id] WindowsEditor(7,DESKTOP-UPCCEJ5) [Debug] 1 [PackageName] WindowsEditor [ProjectName] Editor" joined multi-casting on [225.0.0.222:54997]...

Player connection [41344] Host "[IP] 192.168.1.10 [Port] 0 [Flags] 2 [Guid] 1645461347 [EditorId] 1645461347 [Version] 1048832 [Id] WindowsEditor(7,DESKTOP-UPCCEJ5) [Debug] 1 [PackageName] WindowsEditor [ProjectName] Editor" joined alternative multi-casting on [225.0.0.222:34997]...

[Physics::Module] Initialized MultithreadedJobDispatcher with 7 workers.
Refreshing native plugins compatible for Editor in 13.58 ms, found 3 plugins.
Preloading 0 native plugins for Editor in 0.00 ms.
Initialize engine version: 2022.3.10f1 (ff3792e53c62)
[Subsystems] Discovering subsystems at path A:/Program Files/Unity Hub/unity/2022.3.10f1/Editor/Data/Resources/UnitySubsystems
[Subsystems] Discovering subsystems at path C:/Users/katan/Documents/GitHub/Unity_Lion_Alexis_GD3_Materials/Lion_Alexis_Nature_Morte/Assets
GfxDevice: creating device client; threaded=0; jobified=0
Direct3D:
    Version:  Direct3D 11.0 [level 11.1]
    Renderer: NVIDIA GeForce GTX 1080 (ID=0x1b80)
    Vendor:   NVIDIA
    VRAM:     8073 MB
    Driver:   31.0.15.4633
Initialize mono
Mono path[0] = 'A:/Program Files/Unity Hub/unity/2022.3.10f1/Editor/Data/Managed'
Mono path[1] = 'A:/Program Files/Unity Hub/unity/2022.3.10f1/Editor/Data/MonoBleedingEdge/lib/mono/unityjit-win32'
Mono config path = 'A:/Program Files/Unity Hub/unity/2022.3.10f1/Editor/Data/MonoBleedingEdge/etc'
Using monoOptions --debugger-agent=transport=dt_socket,embedding=1,server=y,suspend=n,address=127.0.0.1:56312
Begin MonoManager ReloadAssembly
Registering precompiled unity dll's ...
Register platform support module: A:/Program Files/Unity Hub/unity/2022.3.10f1/Editor/Data/PlaybackEngines/WindowsStandaloneSupport/UnityEditor.WindowsStandalone.Extensions.dll
Registered in 0.009407 seconds.
- Loaded All Assemblies, in  0.564 seconds
Native extension for WindowsStandalone target not found
Mono: successfully reloaded assembly
- Finished resetting the current domain, in  0.339 seconds
Domain Reload Profiling: 902ms
	BeginReloadAssembly (178ms)
		ExecutionOrderSort (0ms)
		DisableScriptedObjects (0ms)
		BackupInstance (0ms)
		ReleaseScriptingObjects (0ms)
		CreateAndSetChildDomain (1ms)
	RebuildCommonClasses (61ms)
	RebuildNativeTypeToScriptingClass (18ms)
	initialDomainReloadingComplete (83ms)
	LoadAllAssembliesAndSetupDomain (223ms)
		LoadAssemblies (178ms)
		RebuildTransferFunctionScriptingTraits (0ms)
		AnalyzeDomain (220ms)
			TypeCache.Refresh (218ms)
				TypeCache.ScanAssembly (196ms)
			ScanForSourceGeneratedMonoScriptInfo (0ms)
			ResolveRequiredComponents (1ms)
	FinalizeReload (339ms)
		ReleaseScriptCaches (0ms)
		RebuildScriptCaches (0ms)
		SetupLoadedEditorAssemblies (257ms)
			LogAssemblyErrors (0ms)
			InitializePlatformSupportModulesInManaged (12ms)
			SetLoadedEditorAssemblies (10ms)
			RefreshPlugins (0ms)
			BeforeProcessingInitializeOnLoad (3ms)
			ProcessInitializeOnLoadAttributes (171ms)
			ProcessInitializeOnLoadMethodAttributes (61ms)
			AfterProcessingInitializeOnLoad (0ms)
			EditorAssembliesLoaded (0ms)
		ExecutionOrderSort2 (0ms)
		AwakeInstancesAfterBackupRestoration (0ms)
========================================================================
Worker process is ready to serve import requests
Begin MonoManager ReloadAssembly
- Loaded All Assemblies, in  0.850 seconds
Refreshing native plugins compatible for Editor in 4.88 ms, found 3 plugins.
Native extension for WindowsStandalone target not found
Package Manager log level set to [2]
[Package Manager] Server::EnsureServerProcessIsRunning -- launch failed, reason: Unity was launched with the -noUpm command-line argument
[Package Manager] UpmClient::Send -- Unable to send message (not connected to UPM process).
[Package Manager] Cannot connect to Unity Package Manager local server
Mono: successfully reloaded assembly
- Finished resetting the current domain, in  0.703 seconds
Domain Reload Profiling: 1551ms
	BeginReloadAssembly (222ms)
		ExecutionOrderSort (0ms)
		DisableScriptedObjects (7ms)
		BackupInstance (0ms)
		ReleaseScriptingObjects (0ms)
		CreateAndSetChildDomain (30ms)
	RebuildCommonClasses (48ms)
	RebuildNativeTypeToScriptingClass (13ms)
	initialDomainReloadingComplete (49ms)
	LoadAllAssembliesAndSetupDomain (516ms)
		LoadAssemblies (408ms)
		RebuildTransferFunctionScriptingTraits (0ms)
		AnalyzeDomain (249ms)
			TypeCache.Refresh (226ms)
				TypeCache.ScanAssembly (204ms)
			ScanForSourceGeneratedMonoScriptInfo (17ms)
			ResolveRequiredComponents (5ms)
	FinalizeReload (704ms)
		ReleaseScriptCaches (0ms)
		RebuildScriptCaches (0ms)
		SetupLoadedEditorAssemblies (511ms)
			LogAssemblyErrors (0ms)
			InitializePlatformSupportModulesInManaged (6ms)
			SetLoadedEditorAssemblies (5ms)
			RefreshPlugins (0ms)
			BeforeProcessingInitializeOnLoad (73ms)
			ProcessInitializeOnLoadAttributes (400ms)
			ProcessInitializeOnLoadMethodAttributes (23ms)
			AfterProcessingInitializeOnLoad (3ms)
			EditorAssembliesLoaded (0ms)
		ExecutionOrderSort2 (0ms)
		AwakeInstancesAfterBackupRestoration (9ms)
Launched and connected shader compiler UnityShaderCompiler.exe after 0.11 seconds
Refreshing native plugins compatible for Editor in 5.54 ms, found 3 plugins.
Preloading 0 native plugins for Editor in 0.00 ms.
Unloading 3075 Unused Serialized files (Serialized files now loaded: 0)
Unloading 31 unused Assets / (56.3 KB). Loaded Objects now: 3537.
Memory consumption went from 114.3 MB to 114.3 MB.
Total: 6.532900 ms (FindLiveObjects: 0.317200 ms CreateObjectMapping: 0.333900 ms MarkObjects: 5.567700 ms  DeleteObjects: 0.312900 ms)

AssetImportParameters requested are different than current active one (requested -> active):
  custom:container-demuxer-ogg: 62fdf1f143b41e24485cea50d1cbac27 -> 
  custom:video-decoder-ogg-theora: a1e56fd34408186e4bbccfd4996cb3dc -> 
  custom:framework-win-MediaFoundation: 216162199b28c13a410421893ffa2e32 -> 
  custom:container-demuxer-webm: 4f35f7cbe854078d1ac9338744f61a02 -> 
  custom:container-muxer-webm: aa71ff27fc2769a1b78a27578f13a17b -> 
  custom:video-decoder-webm-vp8: 9c59270c3fd7afecdb556c50c9e8de78 -> 
  custom:AudioImporter_EditorPlatform: d09bf68614088b80899f8185d706f6e7 -> 
  custom:video-encoder-webm-vp8: eb34c28f22e8b96e1ab97ce403110664 -> 
  custom:audio-decoder-ogg-vorbis: bf7c407c2cedff20999df2af8eb42d56 -> 
  custom:audio-encoder-webm-vorbis: bf7c407c2cedff20999df2af8eb42d56 -> 
========================================================================
Received Import Request.
  Time since last request: 269250.469681 seconds.
  path: Assets/assets/exo materials/Materials/pavement
  artifactKey: Guid(0fd20ea948a7ff047951cf5b3e5a8a18) Importer(815301076,1909f56bfc062723c751e8b465ee728b)
Start importing Assets/assets/exo materials/Materials/pavement using Guid(0fd20ea948a7ff047951cf5b3e5a8a18) Importer(815301076,1909f56bfc062723c751e8b465ee728b)  -> (artifact id: '97b4b6e7cae2f280058df05e65c8d587') in 0.002925 seconds
Number of updated asset objects reloaded before import = 0
Number of asset objects unloaded after import = 0
========================================================================
Received Import Request.
  Time since last request: 0.103518 seconds.
  path: Assets/assets/exo materials/Materials/pavement/Pavement_SmallMoss_Albedo.png
  artifactKey: Guid(61c9db34c7388e542b038d451d07ea85) Importer(815301076,1909f56bfc062723c751e8b465ee728b)
Start importing Assets/assets/exo materials/Materials/pavement/Pavement_SmallMoss_Albedo.png using Guid(61c9db34c7388e542b038d451d07ea85) Importer(815301076,1909f56bfc062723c751e8b465ee728b)  -> (artifact id: 'f00b0fc3459f4cb74867df71d18a7eb0') in 0.184474 seconds
Number of updated asset objects reloaded before import = 0
Number of asset objects unloaded after import = 2
========================================================================
Received Import Request.
  Time since last request: 0.000019 seconds.
  path: Assets/assets/exo materials/Materials/pavement/Pavement_SmallMoss_normal.png
  artifactKey: Guid(c66795f6769dbb141aa3ca1dac599eb8) Importer(815301076,1909f56bfc062723c751e8b465ee728b)
Start importing Assets/assets/exo materials/Materials/pavement/Pavement_SmallMoss_normal.png using Guid(c66795f6769dbb141aa3ca1dac599eb8) Importer(815301076,1909f56bfc062723c751e8b465ee728b)  -> (artifact id: '9175fc49fcbe9af4543129521dc16991') in 0.025028 seconds
Number of updated asset objects reloaded before import = 0
Number of asset objects unloaded after import = 2
========================================================================
Received Prepare
Refreshing native plugins compatible for Editor in 5.70 ms, found 3 plugins.
Preloading 0 native plugins for Editor in 0.00 ms.
Unloading 0 Unused Serialized files (Serialized files now loaded: 0)
Unloading 1 unused Assets / (0.8 KB). Loaded Objects now: 3540.
Memory consumption went from 65.4 MB to 65.4 MB.
Total: 3.374300 ms (FindLiveObjects: 0.280400 ms CreateObjectMapping: 0.272300 ms MarkObjects: 2.798300 ms  DeleteObjects: 0.022500 ms)

Prepare: number of updated asset objects reloaded= 0
AssetImportParameters requested are different than current active one (requested -> active):
  custom:container-demuxer-ogg: 62fdf1f143b41e24485cea50d1cbac27 -> 
  custom:video-decoder-ogg-theora: a1e56fd34408186e4bbccfd4996cb3dc -> 
  custom:framework-win-MediaFoundation: 216162199b28c13a410421893ffa2e32 -> 
  custom:CustomObjectIndexerAttribute: 756ad292c208cfabdd7b50bc23989ffe -> 
  custom:container-demuxer-webm: 4f35f7cbe854078d1ac9338744f61a02 -> 
  custom:container-muxer-webm: aa71ff27fc2769a1b78a27578f13a17b -> 
  custom:video-decoder-webm-vp8: 9c59270c3fd7afecdb556c50c9e8de78 -> 
  custom:SearchIndexIgnoredProperties: e643bd26f0fe6173181afceb89e7c659 -> 
  custom:AudioImporter_EditorPlatform: d09bf68614088b80899f8185d706f6e7 -> 
  custom:video-encoder-webm-vp8: eb34c28f22e8b96e1ab97ce403110664 -> 
  custom:audio-decoder-ogg-vorbis: bf7c407c2cedff20999df2af8eb42d56 -> 
  custom:audio-encoder-webm-vorbis: bf7c407c2cedff20999df2af8eb42d56 -> 
========================================================================
Received Import Request.
  Time since last request: 74.214389 seconds.
  path: Assets/assets/exo materials/Materials/metal/Metal_Albedo.tif
  artifactKey: Guid(7eb6cfb2f02ae7b4da435384e3e79779) Importer(815301076,1909f56bfc062723c751e8b465ee728b)
Start importing Assets/assets/exo materials/Materials/metal/Metal_Albedo.tif using Guid(7eb6cfb2f02ae7b4da435384e3e79779) Importer(815301076,1909f56bfc062723c751e8b465ee728b)  -> (artifact id: '3edc0be0b3916519a67219157e9529b1') in 0.021403 seconds
Number of updated asset objects reloaded before import = 0
Number of asset objects unloaded after import = 2
========================================================================
Received Import Request.
  Time since last request: 0.000021 seconds.
  path: Assets/assets/exo materials/Materials/metal/Metal_Normal.tif
  artifactKey: Guid(eeb18e3c6639d424781e1d662dac836f) Importer(815301076,1909f56bfc062723c751e8b465ee728b)
Start importing Assets/assets/exo materials/Materials/metal/Metal_Normal.tif using Guid(eeb18e3c6639d424781e1d662dac836f) Importer(815301076,1909f56bfc062723c751e8b465ee728b)  -> (artifact id: 'd126561e7bed4043c892927c2789e04a') in 0.021011 seconds
Number of updated asset objects reloaded before import = 0
Number of asset objects unloaded after import = 2
========================================================================
Received Import Request.
  Time since last request: 6.290984 seconds.
  path: Assets/assets/exo materials/Materials/metal/M-metal.mat
  artifactKey: Guid(c1966617db65ba145bec71512985059b) Importer(815301076,1909f56bfc062723c751e8b465ee728b)
Start importing Assets/assets/exo materials/Materials/metal/M-metal.mat using Guid(c1966617db65ba145bec71512985059b) Importer(815301076,1909f56bfc062723c751e8b465ee728b)  -> (artifact id: '3a3619a6b1597c85c0bdac01c4264b1a') in 0.086914 seconds
Number of updated asset objects reloaded before import = 0
Number of asset objects unloaded after import = 1
========================================================================
Received Import Request.
  Time since last request: 5.855408 seconds.
  path: Assets/assets/exo materials/Materials/metal/M_metal.mat
  artifactKey: Guid(c1966617db65ba145bec71512985059b) Importer(815301076,1909f56bfc062723c751e8b465ee728b)
Start importing Assets/assets/exo materials/Materials/metal/M_metal.mat using Guid(c1966617db65ba145bec71512985059b) Importer(815301076,1909f56bfc062723c751e8b465ee728b)  -> (artifact id: '6fe6a72541629ea8e7f7dc26a900ce8c') in 0.012476 seconds
Number of updated asset objects reloaded before import = 0
Number of asset objects unloaded after import = 1
========================================================================
Received Import Request.
  Time since last request: 181.320579 seconds.
  path: Assets/assets/exo materials/Materials/plant
  artifactKey: Guid(8938c7d53166fb6458d39823c074f760) Importer(815301076,1909f56bfc062723c751e8b465ee728b)
Start importing Assets/assets/exo materials/Materials/plant using Guid(8938c7d53166fb6458d39823c074f760) Importer(815301076,1909f56bfc062723c751e8b465ee728b)  -> (artifact id: 'e03c740cd211da89b4d2e67b36e13998') in 0.000973 seconds
Number of updated asset objects reloaded before import = 0
Number of asset objects unloaded after import = 0
========================================================================
Received Import Request.
  Time since last request: 0.177724 seconds.
  path: Assets/assets/exo materials/Materials/plant/Plant_Albedo.png
  artifactKey: Guid(b7bb4113c65619a42a83e5d7d432ac7b) Importer(815301076,1909f56bfc062723c751e8b465ee728b)
Start importing Assets/assets/exo materials/Materials/plant/Plant_Albedo.png using Guid(b7bb4113c65619a42a83e5d7d432ac7b) Importer(815301076,1909f56bfc062723c751e8b465ee728b)  -> (artifact id: '0a625170e12c168c4435912001132691') in 0.024366 seconds
Number of updated asset objects reloaded before import = 0
Number of asset objects unloaded after import = 2
========================================================================
Received Import Request.
  Time since last request: 6.551992 seconds.
  path: Assets/assets/exo materials/Materials/plant/M_plant.mat
  artifactKey: Guid(27760c526554e194ebed7ac4ddc095e9) Importer(815301076,1909f56bfc062723c751e8b465ee728b)
Start importing Assets/assets/exo materials/Materials/plant/M_plant.mat using Guid(27760c526554e194ebed7ac4ddc095e9) Importer(815301076,1909f56bfc062723c751e8b465ee728b)  -> (artifact id: 'd2ef214293d70767fb615c0a54fde623') in 0.019775 seconds
Number of updated asset objects reloaded before import = 0
Number of asset objects unloaded after import = 1
========================================================================
Received Import Request.
  Time since last request: 134.213159 seconds.
  path: Assets/assets/exo materials/Materials/plant/Plant_Normal.png
  artifactKey: Guid(c645874287d24554284a533fee7f2495) Importer(815301076,1909f56bfc062723c751e8b465ee728b)
Start importing Assets/assets/exo materials/Materials/plant/Plant_Normal.png using Guid(c645874287d24554284a533fee7f2495) Importer(815301076,1909f56bfc062723c751e8b465ee728b)  -> (artifact id: '6f46e7bd3d7df59e3e780b8c47cfd3b5') in 0.024351 seconds
Number of updated asset objects reloaded before import = 0
Number of asset objects unloaded after import = 2
========================================================================
Received Import Request.
  Time since last request: 1586.767504 seconds.
  path: Assets/assets/exo materials/Materials/mug
  artifactKey: Guid(a3fec2c189521874a8a2b6658e19d3d7) Importer(815301076,1909f56bfc062723c751e8b465ee728b)
Start importing Assets/assets/exo materials/Materials/mug using Guid(a3fec2c189521874a8a2b6658e19d3d7) Importer(815301076,1909f56bfc062723c751e8b465ee728b)  -> (artifact id: '00c1dda33d307a20312946c5b09facce') in 0.006322 seconds
Number of updated asset objects reloaded before import = 0
Number of asset objects unloaded after import = 0
========================================================================
Received Import Request.
  Time since last request: 412.113930 seconds.
  path: Assets/assets/exo materials/Materials/Lime_Tx.png
  artifactKey: Guid(6eb5fb53e077e6843838e3203b57fcbc) Importer(815301076,1909f56bfc062723c751e8b465ee728b)
Start importing Assets/assets/exo materials/Materials/Lime_Tx.png using Guid(6eb5fb53e077e6843838e3203b57fcbc) Importer(815301076,1909f56bfc062723c751e8b465ee728b)  -> (artifact id: 'd90cc6a51e09443ee42dd88ea3a5b4f7') in 0.032161 seconds
Number of updated asset objects reloaded before import = 0
Number of asset objects unloaded after import = 2
========================================================================
Received Import Request.
  Time since last request: 0.497248 seconds.
  path: Assets/assets/exo materials/Materials/Lime_Tx_SPEC.tga
  artifactKey: Guid(e60a17627cb1d4e46a58f875124e4421) Importer(815301076,1909f56bfc062723c751e8b465ee728b)
Start importing Assets/assets/exo materials/Materials/Lime_Tx_SPEC.tga using Guid(e60a17627cb1d4e46a58f875124e4421) Importer(815301076,1909f56bfc062723c751e8b465ee728b)  -> (artifact id: '1443c12e8b1d9be151cdc1aa9864a8ae') in 0.023787 seconds
Number of updated asset objects reloaded before import = 0
Number of asset objects unloaded after import = 2
========================================================================
Received Import Request.
  Time since last request: 0.000017 seconds.
  path: Assets/assets/exo materials/Materials/Lime_Tx_DISP.png
  artifactKey: Guid(754fce90f9dfc3d49b8df2da69b95497) Importer(815301076,1909f56bfc062723c751e8b465ee728b)
Start importing Assets/assets/exo materials/Materials/Lime_Tx_DISP.png using Guid(754fce90f9dfc3d49b8df2da69b95497) Importer(815301076,1909f56bfc062723c751e8b465ee728b)  -> (artifact id: '6cbc21b07f150354e723fb6cc99733a7') in 0.034259 seconds
Number of updated asset objects reloaded before import = 0
Number of asset objects unloaded after import = 2
========================================================================
Received Import Request.
  Time since last request: 12.004626 seconds.
  path: Assets/assets/exo materials/Materials/M_citron.mat
  artifactKey: Guid(a2483b8452470894280d4aab6ccb81a1) Importer(815301076,1909f56bfc062723c751e8b465ee728b)
Start importing Assets/assets/exo materials/Materials/M_citron.mat using Guid(a2483b8452470894280d4aab6ccb81a1) Importer(815301076,1909f56bfc062723c751e8b465ee728b)  -> (artifact id: '7290f9e8857165c2e990c948a87f8144') in 0.018883 seconds
Number of updated asset objects reloaded before import = 0
Number of asset objects unloaded after import = 1
========================================================================
Received Import Request.
  Time since last request: 28803.174849 seconds.
  path: Assets/assets/exo materials/Materials/plant/potted_plant_04_metal_4k.exr
  artifactKey: Guid(abb2945757f081f45823dd2005af8196) Importer(815301076,1909f56bfc062723c751e8b465ee728b)
Start importing Assets/assets/exo materials/Materials/plant/potted_plant_04_metal_4k.exr using Guid(abb2945757f081f45823dd2005af8196) Importer(815301076,1909f56bfc062723c751e8b465ee728b)  -> (artifact id: '21bad8178f27f97acc493c06bf68755e') in 0.125322 seconds
Number of updated asset objects reloaded before import = 0
Number of asset objects unloaded after import = 2
========================================================================
Received Import Request.
  Time since last request: 473.687646 seconds.
  path: Assets/assets/exo materials/Materials/Fruits/food_lime_01_nor_gl_4k.exr
  artifactKey: Guid(d0205d69bf3f0684dbdb29d16759a7a0) Importer(815301076,1909f56bfc062723c751e8b465ee728b)
Start importing Assets/assets/exo materials/Materials/Fruits/food_lime_01_nor_gl_4k.exr using Guid(d0205d69bf3f0684dbdb29d16759a7a0) Importer(815301076,1909f56bfc062723c751e8b465ee728b)  -> (artifact id: '47a7d9822fd7cbd00d2b89411bcb4841') in 0.030520 seconds
Number of updated asset objects reloaded before import = 0
Number of asset objects unloaded after import = 2
========================================================================
Received Import Request.
  Time since last request: 12.497027 seconds.
  path: Assets/assets/exo materials/Materials/Fruits/food_apple_01_nor_gl_4k.exr
  artifactKey: Guid(08c92d4fb1e0c814ba16ef4a28b78976) Importer(815301076,1909f56bfc062723c751e8b465ee728b)
Start importing Assets/assets/exo materials/Materials/Fruits/food_apple_01_nor_gl_4k.exr using Guid(08c92d4fb1e0c814ba16ef4a28b78976) Importer(815301076,1909f56bfc062723c751e8b465ee728b)  -> (artifact id: '6196ab3a3878dc320f434c02bc773255') in 0.030700 seconds
Number of updated asset objects reloaded before import = 0
Number of asset objects unloaded after import = 2
========================================================================
Received Import Request.
  Time since last request: 0.000016 seconds.
  path: Assets/assets/exo materials/Materials/Fruits/food_apple_01_rough_4k.jpg
  artifactKey: Guid(a5c777e295571014ea02a5efafcf8173) Importer(815301076,1909f56bfc062723c751e8b465ee728b)
Start importing Assets/assets/exo materials/Materials/Fruits/food_apple_01_rough_4k.jpg using Guid(a5c777e295571014ea02a5efafcf8173) Importer(815301076,1909f56bfc062723c751e8b465ee728b)  -> (artifact id: 'ae0ea035d0f89203eca995d61407fd91') in 0.036885 seconds
Number of updated asset objects reloaded before import = 0
Number of asset objects unloaded after import = 2
