Using pre-set license
Built from '2022.3/staging' branch; Version is '2022.3.10f1 (ff3792e53c62) revision 16725906'; Using compiler version '192829333'; Build Type 'Release'
OS: 'Windows 10  (10.0.19045) 64bit Core' Language: 'fr' Physical Memory: 16346 MB
BatchMode: 1, IsHumanControllingUs: 0, StartBugReporterOnCrash: 0, Is64bit: 1, IsPro: 1

COMMAND LINE ARGUMENTS:
A:\Program Files\Unity Hub\unity\2022.3.10f1\Editor\Unity.exe
-adb2
-batchMode
-noUpm
-name
AssetImportWorker2
-projectPath
C:/Users/katan/Documents/GitHub/Unity_Lion_Alexis_GD3_Materials/Lion_Alexis_Nature_Morte
-logFile
Logs/AssetImportWorker2.log
-srvPort
55861
Successfully changed project path to: C:/Users/katan/Documents/GitHub/Unity_Lion_Alexis_GD3_Materials/Lion_Alexis_Nature_Morte
C:/Users/katan/Documents/GitHub/Unity_Lion_Alexis_GD3_Materials/Lion_Alexis_Nature_Morte
[UnityMemory] Configuration Parameters - Can be set up in boot.config
    "memorysetup-bucket-allocator-granularity=16"
    "memorysetup-bucket-allocator-bucket-count=8"
    "memorysetup-bucket-allocator-block-size=33554432"
    "memorysetup-bucket-allocator-block-count=8"
    "memorysetup-main-allocator-block-size=16777216"
    "memorysetup-thread-allocator-block-size=16777216"
    "memorysetup-gfx-main-allocator-block-size=16777216"
    "memorysetup-gfx-thread-allocator-block-size=16777216"
    "memorysetup-cache-allocator-block-size=4194304"
    "memorysetup-typetree-allocator-block-size=2097152"
    "memorysetup-profiler-bucket-allocator-granularity=16"
    "memorysetup-profiler-bucket-allocator-bucket-count=8"
    "memorysetup-profiler-bucket-allocator-block-size=33554432"
    "memorysetup-profiler-bucket-allocator-block-count=8"
    "memorysetup-profiler-allocator-block-size=16777216"
    "memorysetup-profiler-editor-allocator-block-size=1048576"
    "memorysetup-temp-allocator-size-main=16777216"
    "memorysetup-job-temp-allocator-block-size=2097152"
    "memorysetup-job-temp-allocator-block-size-background=1048576"
    "memorysetup-job-temp-allocator-reduction-small-platforms=262144"
    "memorysetup-allocator-temp-initial-block-size-main=262144"
    "memorysetup-allocator-temp-initial-block-size-worker=262144"
    "memorysetup-temp-allocator-size-background-worker=32768"
    "memorysetup-temp-allocator-size-job-worker=262144"
    "memorysetup-temp-allocator-size-preload-manager=33554432"
    "memorysetup-temp-allocator-size-nav-mesh-worker=65536"
    "memorysetup-temp-allocator-size-audio-worker=65536"
    "memorysetup-temp-allocator-size-cloud-worker=32768"
    "memorysetup-temp-allocator-size-gi-baking-worker=262144"
    "memorysetup-temp-allocator-size-gfx=262144"
Player connection [27280] Host "[IP] 192.168.1.10 [Port] 0 [Flags] 2 [Guid] 1579470779 [EditorId] 1579470779 [Version] 1048832 [Id] WindowsEditor(7,DESKTOP-UPCCEJ5) [Debug] 1 [PackageName] WindowsEditor [ProjectName] Editor" joined multi-casting on [225.0.0.222:54997]...

Player connection [27280] Host "[IP] 192.168.1.10 [Port] 0 [Flags] 2 [Guid] 1579470779 [EditorId] 1579470779 [Version] 1048832 [Id] WindowsEditor(7,DESKTOP-UPCCEJ5) [Debug] 1 [PackageName] WindowsEditor [ProjectName] Editor" joined alternative multi-casting on [225.0.0.222:34997]...

[Physics::Module] Initialized MultithreadedJobDispatcher with 7 workers.
Refreshing native plugins compatible for Editor in 1525.76 ms, found 3 plugins.
Preloading 0 native plugins for Editor in 0.00 ms.
Initialize engine version: 2022.3.10f1 (ff3792e53c62)
[Subsystems] Discovering subsystems at path A:/Program Files/Unity Hub/unity/2022.3.10f1/Editor/Data/Resources/UnitySubsystems
[Subsystems] Discovering subsystems at path C:/Users/katan/Documents/GitHub/Unity_Lion_Alexis_GD3_Materials/Lion_Alexis_Nature_Morte/Assets
GfxDevice: creating device client; threaded=0; jobified=0
Direct3D:
    Version:  Direct3D 11.0 [level 11.1]
    Renderer: NVIDIA GeForce GTX 1080 (ID=0x1b80)
    Vendor:   NVIDIA
    VRAM:     8073 MB
    Driver:   31.0.15.4633
Initialize mono
Mono path[0] = 'A:/Program Files/Unity Hub/unity/2022.3.10f1/Editor/Data/Managed'
Mono path[1] = 'A:/Program Files/Unity Hub/unity/2022.3.10f1/Editor/Data/MonoBleedingEdge/lib/mono/unityjit-win32'
Mono config path = 'A:/Program Files/Unity Hub/unity/2022.3.10f1/Editor/Data/MonoBleedingEdge/etc'
Using monoOptions --debugger-agent=transport=dt_socket,embedding=1,server=y,suspend=n,address=127.0.0.1:56996
Begin MonoManager ReloadAssembly
Registering precompiled unity dll's ...
Register platform support module: A:/Program Files/Unity Hub/unity/2022.3.10f1/Editor/Data/PlaybackEngines/WindowsStandaloneSupport/UnityEditor.WindowsStandalone.Extensions.dll
Registered in 0.143222 seconds.
- Loaded All Assemblies, in  6.112 seconds
Native extension for WindowsStandalone target not found
Mono: successfully reloaded assembly
- Finished resetting the current domain, in  0.296 seconds
Domain Reload Profiling: 6408ms
	BeginReloadAssembly (4450ms)
		ExecutionOrderSort (0ms)
		DisableScriptedObjects (0ms)
		BackupInstance (0ms)
		ReleaseScriptingObjects (0ms)
		CreateAndSetChildDomain (1ms)
	RebuildCommonClasses (413ms)
	RebuildNativeTypeToScriptingClass (11ms)
	initialDomainReloadingComplete (190ms)
	LoadAllAssembliesAndSetupDomain (1048ms)
		LoadAssemblies (4450ms)
		RebuildTransferFunctionScriptingTraits (0ms)
		AnalyzeDomain (1045ms)
			TypeCache.Refresh (1044ms)
				TypeCache.ScanAssembly (798ms)
			ScanForSourceGeneratedMonoScriptInfo (0ms)
			ResolveRequiredComponents (1ms)
	FinalizeReload (297ms)
		ReleaseScriptCaches (0ms)
		RebuildScriptCaches (0ms)
		SetupLoadedEditorAssemblies (231ms)
			LogAssemblyErrors (0ms)
			InitializePlatformSupportModulesInManaged (9ms)
			SetLoadedEditorAssemblies (9ms)
			RefreshPlugins (0ms)
			BeforeProcessingInitializeOnLoad (2ms)
			ProcessInitializeOnLoadAttributes (152ms)
			ProcessInitializeOnLoadMethodAttributes (58ms)
			AfterProcessingInitializeOnLoad (0ms)
			EditorAssembliesLoaded (0ms)
		ExecutionOrderSort2 (0ms)
		AwakeInstancesAfterBackupRestoration (0ms)
========================================================================
Worker process is ready to serve import requests
Begin MonoManager ReloadAssembly
- Loaded All Assemblies, in  5.187 seconds
Refreshing native plugins compatible for Editor in 4.39 ms, found 3 plugins.
Native extension for WindowsStandalone target not found
Package Manager log level set to [2]
[Package Manager] Server::EnsureServerProcessIsRunning -- launch failed, reason: Unity was launched with the -noUpm command-line argument
[Package Manager] UpmClient::Send -- Unable to send message (not connected to UPM process).
[Package Manager] Cannot connect to Unity Package Manager local server
Mono: successfully reloaded assembly
- Finished resetting the current domain, in  0.571 seconds
Domain Reload Profiling: 5755ms
	BeginReloadAssembly (176ms)
		ExecutionOrderSort (0ms)
		DisableScriptedObjects (6ms)
		BackupInstance (0ms)
		ReleaseScriptingObjects (0ms)
		CreateAndSetChildDomain (22ms)
	RebuildCommonClasses (34ms)
	RebuildNativeTypeToScriptingClass (11ms)
	initialDomainReloadingComplete (39ms)
	LoadAllAssembliesAndSetupDomain (4924ms)
		LoadAssemblies (4341ms)
		RebuildTransferFunctionScriptingTraits (0ms)
		AnalyzeDomain (698ms)
			TypeCache.Refresh (677ms)
				TypeCache.ScanAssembly (604ms)
			ScanForSourceGeneratedMonoScriptInfo (15ms)
			ResolveRequiredComponents (4ms)
	FinalizeReload (571ms)
		ReleaseScriptCaches (0ms)
		RebuildScriptCaches (0ms)
		SetupLoadedEditorAssemblies (421ms)
			LogAssemblyErrors (0ms)
			InitializePlatformSupportModulesInManaged (5ms)
			SetLoadedEditorAssemblies (5ms)
			RefreshPlugins (0ms)
			BeforeProcessingInitializeOnLoad (62ms)
			ProcessInitializeOnLoadAttributes (327ms)
			ProcessInitializeOnLoadMethodAttributes (19ms)
			AfterProcessingInitializeOnLoad (3ms)
			EditorAssembliesLoaded (0ms)
		ExecutionOrderSort2 (0ms)
		AwakeInstancesAfterBackupRestoration (7ms)
Launched and connected shader compiler UnityShaderCompiler.exe after 0.11 seconds
Refreshing native plugins compatible for Editor in 4.06 ms, found 3 plugins.
Preloading 0 native plugins for Editor in 0.00 ms.
Unloading 3075 Unused Serialized files (Serialized files now loaded: 0)
Unloading 31 unused Assets / (56.3 KB). Loaded Objects now: 3537.
Memory consumption went from 114.2 MB to 114.2 MB.
Total: 3.306600 ms (FindLiveObjects: 0.389800 ms CreateObjectMapping: 0.416300 ms MarkObjects: 2.402500 ms  DeleteObjects: 0.097000 ms)

AssetImportParameters requested are different than current active one (requested -> active):
  custom:container-demuxer-ogg: 62fdf1f143b41e24485cea50d1cbac27 -> 
  custom:video-decoder-ogg-theora: a1e56fd34408186e4bbccfd4996cb3dc -> 
  custom:framework-win-MediaFoundation: 216162199b28c13a410421893ffa2e32 -> 
  custom:CustomObjectIndexerAttribute: 756ad292c208cfabdd7b50bc23989ffe -> 
  custom:container-demuxer-webm: 4f35f7cbe854078d1ac9338744f61a02 -> 
  custom:container-muxer-webm: aa71ff27fc2769a1b78a27578f13a17b -> 
  custom:video-decoder-webm-vp8: 9c59270c3fd7afecdb556c50c9e8de78 -> 
  custom:SearchIndexIgnoredProperties: e643bd26f0fe6173181afceb89e7c659 -> 
  custom:AudioImporter_EditorPlatform: d09bf68614088b80899f8185d706f6e7 -> 
  custom:video-encoder-webm-vp8: eb34c28f22e8b96e1ab97ce403110664 -> 
  custom:audio-decoder-ogg-vorbis: bf7c407c2cedff20999df2af8eb42d56 -> 
  custom:audio-encoder-webm-vorbis: bf7c407c2cedff20999df2af8eb42d56 -> 
========================================================================
Received Import Request.
  Time since last request: 300340.086387 seconds.
  path: Assets/assets/exo materials/Models/potted_plant_04_4k.blend
  artifactKey: Guid(b9d4e78835b4e99488e0a0e5211ad452) Importer(815301076,1909f56bfc062723c751e8b465ee728b)
Start importing Assets/assets/exo materials/Models/potted_plant_04_4k.blend using Guid(b9d4e78835b4e99488e0a0e5211ad452) Importer(815301076,1909f56bfc062723c751e8b465ee728b)  -> (artifact id: 'bfa713f2acba0c396f16eebe9d6954e3') in 0.109022 seconds
Number of updated asset objects reloaded before import = 0
Number of asset objects unloaded after import = 1
========================================================================
Received Import Request.
  Time since last request: 91.071396 seconds.
  path: Assets/assets/exo materials/Models/potted_plant_04_4k.fbx
  artifactKey: Guid(eb8dc185f8de1444da9e849ee193eb80) Importer(815301076,1909f56bfc062723c751e8b465ee728b)
Start importing Assets/assets/exo materials/Models/potted_plant_04_4k.fbx using Guid(eb8dc185f8de1444da9e849ee193eb80) Importer(815301076,1909f56bfc062723c751e8b465ee728b)  -> (artifact id: '8be3b1588a44519ab269a0afd31c518d') in 0.364730 seconds
Number of updated asset objects reloaded before import = 0
Number of asset objects unloaded after import = 8
========================================================================
Received Import Request.
  Time since last request: 42.680683 seconds.
  path: Assets/assets/exo materials/Materials/plant/potted_plant_04_diff_4k.jpg
  artifactKey: Guid(7c6972c1b938ca041865ac5cd4fa4162) Importer(815301076,1909f56bfc062723c751e8b465ee728b)
Start importing Assets/assets/exo materials/Materials/plant/potted_plant_04_diff_4k.jpg using Guid(7c6972c1b938ca041865ac5cd4fa4162) Importer(815301076,1909f56bfc062723c751e8b465ee728b)  -> (artifact id: 'f5adffa644249615ddda452b4b9f9a1e') in 0.083086 seconds
Number of updated asset objects reloaded before import = 0
Number of asset objects unloaded after import = 2
========================================================================
Received Import Request.
  Time since last request: 0.000016 seconds.
  path: Assets/assets/exo materials/Materials/plant/potted_plant_04_rough_4k.jpg
  artifactKey: Guid(96f4483a231e66842b14997c3a859e8f) Importer(815301076,1909f56bfc062723c751e8b465ee728b)
Start importing Assets/assets/exo materials/Materials/plant/potted_plant_04_rough_4k.jpg using Guid(96f4483a231e66842b14997c3a859e8f) Importer(815301076,1909f56bfc062723c751e8b465ee728b)  -> (artifact id: '43140f12e3a1a6cc6672871800e2388c') in 0.025966 seconds
Number of updated asset objects reloaded before import = 0
Number of asset objects unloaded after import = 2
========================================================================
Received Import Request.
  Time since last request: 0.000022 seconds.
  path: Assets/assets/exo materials/Materials/plant/potted_plant_04_nor_gl_4k.exr
  artifactKey: Guid(7ccb9de0aeea4fe46a36c238d84e3bd5) Importer(815301076,1909f56bfc062723c751e8b465ee728b)
Start importing Assets/assets/exo materials/Materials/plant/potted_plant_04_nor_gl_4k.exr using Guid(7ccb9de0aeea4fe46a36c238d84e3bd5) Importer(815301076,1909f56bfc062723c751e8b465ee728b)  -> (artifact id: 'c08cf3034d39b6c84a886b1b52fa9c75') in 0.039709 seconds
Number of updated asset objects reloaded before import = 0
Number of asset objects unloaded after import = 2
========================================================================
Received Import Request.
  Time since last request: 95.504138 seconds.
  path: Assets/assets/exo materials/Materials/Fruits
  artifactKey: Guid(5295ea5c61428ab48ad98d718ab7c05a) Importer(815301076,1909f56bfc062723c751e8b465ee728b)
Start importing Assets/assets/exo materials/Materials/Fruits using Guid(5295ea5c61428ab48ad98d718ab7c05a) Importer(815301076,1909f56bfc062723c751e8b465ee728b)  -> (artifact id: '67672eb50387727e3f789006c8e19c48') in 0.000607 seconds
Number of updated asset objects reloaded before import = 0
Number of asset objects unloaded after import = 0
========================================================================
Received Import Request.
  Time since last request: 164.056578 seconds.
  path: Assets/assets/exo materials/Models/uploads_files_2938159_Fruits.obj
  artifactKey: Guid(01547c2de6410c44d8f1654b59cddc99) Importer(815301076,1909f56bfc062723c751e8b465ee728b)
Start importing Assets/assets/exo materials/Models/uploads_files_2938159_Fruits.obj using Guid(01547c2de6410c44d8f1654b59cddc99) Importer(815301076,1909f56bfc062723c751e8b465ee728b)  -> (artifact id: '832b0af12c0a49eb7adbd2c5cebed891') in 0.070731 seconds
Number of updated asset objects reloaded before import = 0
Number of asset objects unloaded after import = 10
========================================================================
Received Import Request.
  Time since last request: 165.010208 seconds.
  path: Assets/assets/exo materials/Models/food_apple_01_4k.fbx
  artifactKey: Guid(d8f8a791083f2214eb987e7022d84b92) Importer(815301076,1909f56bfc062723c751e8b465ee728b)
Start importing Assets/assets/exo materials/Models/food_apple_01_4k.fbx using Guid(d8f8a791083f2214eb987e7022d84b92) Importer(815301076,1909f56bfc062723c751e8b465ee728b)  -> (artifact id: '1316675eb34dc3189f9ccdffac733158') in 0.043598 seconds
Number of updated asset objects reloaded before import = 0
Number of asset objects unloaded after import = 8
========================================================================
Received Import Request.
  Time since last request: 20.515570 seconds.
  path: Assets/assets/exo materials/Models/food_lime_01_4k.fbx
  artifactKey: Guid(ebb581fca1fefc5478dc6b6208b10d08) Importer(815301076,1909f56bfc062723c751e8b465ee728b)
Start importing Assets/assets/exo materials/Models/food_lime_01_4k.fbx using Guid(ebb581fca1fefc5478dc6b6208b10d08) Importer(815301076,1909f56bfc062723c751e8b465ee728b)  -> (artifact id: '60d03ea27c915d6cf8c1e5b0eba9e92b') in 0.034769 seconds
Number of updated asset objects reloaded before import = 0
Number of asset objects unloaded after import = 8
========================================================================
Received Import Request.
  Time since last request: 28.398562 seconds.
  path: Assets/assets/exo materials/Materials/Fruits/food_lime_01_diff_4k.jpg
  artifactKey: Guid(f5ba94751360937488d44e56d7bc9aa4) Importer(815301076,1909f56bfc062723c751e8b465ee728b)
Start importing Assets/assets/exo materials/Materials/Fruits/food_lime_01_diff_4k.jpg using Guid(f5ba94751360937488d44e56d7bc9aa4) Importer(815301076,1909f56bfc062723c751e8b465ee728b)  -> (artifact id: '8edd2430d8a5389914051a2c92a498ef') in 0.029859 seconds
Number of updated asset objects reloaded before import = 0
Number of asset objects unloaded after import = 2
========================================================================
Received Import Request.
  Time since last request: 0.000024 seconds.
  path: Assets/assets/exo materials/Materials/Fruits/food_lime_01_rough_4k.jpg
  artifactKey: Guid(dfbd1700574882d4385b3f74ca04a664) Importer(815301076,1909f56bfc062723c751e8b465ee728b)
Start importing Assets/assets/exo materials/Materials/Fruits/food_lime_01_rough_4k.jpg using Guid(dfbd1700574882d4385b3f74ca04a664) Importer(815301076,1909f56bfc062723c751e8b465ee728b)  -> (artifact id: '25f40a6509142d1f1704d1cb0dd30c7f') in 0.035830 seconds
Number of updated asset objects reloaded before import = 0
Number of asset objects unloaded after import = 2
========================================================================
Received Import Request.
  Time since last request: 12.461496 seconds.
  path: Assets/assets/exo materials/Materials/Fruits/food_apple_01_diff_4k.jpg
  artifactKey: Guid(c7fa0ec01911bd7418fe8aed038622d6) Importer(815301076,1909f56bfc062723c751e8b465ee728b)
Start importing Assets/assets/exo materials/Materials/Fruits/food_apple_01_diff_4k.jpg using Guid(c7fa0ec01911bd7418fe8aed038622d6) Importer(815301076,1909f56bfc062723c751e8b465ee728b)  -> (artifact id: '237c600e440da949896019482c21601d') in 0.031264 seconds
Number of updated asset objects reloaded before import = 0
Number of asset objects unloaded after import = 2
========================================================================
Received Import Request.
  Time since last request: 19.157987 seconds.
  path: Assets/assets/exo materials/Materials/Fruits/M_lime.mat
  artifactKey: Guid(35213aee0b11f184c85dae6b5699570c) Importer(815301076,1909f56bfc062723c751e8b465ee728b)
Start importing Assets/assets/exo materials/Materials/Fruits/M_lime.mat using Guid(35213aee0b11f184c85dae6b5699570c) Importer(815301076,1909f56bfc062723c751e8b465ee728b)  -> (artifact id: 'cefcf1b19cc7399be1a7de815a8e628b') in 0.024440 seconds
Number of updated asset objects reloaded before import = 0
Number of asset objects unloaded after import = 1
========================================================================
Received Import Request.
  Time since last request: 30.213373 seconds.
  path: Assets/assets/exo materials/Materials/Fruits/M_apple.mat
  artifactKey: Guid(84bbb0e21da6b784bb05fcdb1af183e6) Importer(815301076,1909f56bfc062723c751e8b465ee728b)
Start importing Assets/assets/exo materials/Materials/Fruits/M_apple.mat using Guid(84bbb0e21da6b784bb05fcdb1af183e6) Importer(815301076,1909f56bfc062723c751e8b465ee728b)  -> (artifact id: 'b517b1abc8cc15543d9c8e40f2a8cad6') in 0.012011 seconds
Number of updated asset objects reloaded before import = 0
Number of asset objects unloaded after import = 1
========================================================================
Received Import Request.
  Time since last request: 150.437596 seconds.
  path: Assets/assets/exo materials/Materials/Fruits/Materials
  artifactKey: Guid(eb3ab6f8d2cb7d24b9658c6042f2dc13) Importer(815301076,1909f56bfc062723c751e8b465ee728b)
Start importing Assets/assets/exo materials/Materials/Fruits/Materials using Guid(eb3ab6f8d2cb7d24b9658c6042f2dc13) Importer(815301076,1909f56bfc062723c751e8b465ee728b)  -> (artifact id: '4579d1b13bdab74a15748e1e06688899') in 0.000687 seconds
Number of updated asset objects reloaded before import = 0
Number of asset objects unloaded after import = 0
========================================================================
Received Import Request.
  Time since last request: 0.086446 seconds.
  path: Assets/assets/exo materials/Materials/Fruits/Materials/food_lime_01_diff_4k.mat
  artifactKey: Guid(c447df9bdf21b134785670061ce4c591) Importer(815301076,1909f56bfc062723c751e8b465ee728b)
Start importing Assets/assets/exo materials/Materials/Fruits/Materials/food_lime_01_diff_4k.mat using Guid(c447df9bdf21b134785670061ce4c591) Importer(815301076,1909f56bfc062723c751e8b465ee728b)  -> (artifact id: '51feba50051aa37180523801c42368f7') in 0.019504 seconds
Number of updated asset objects reloaded before import = 0
Number of asset objects unloaded after import = 2
========================================================================
Received Import Request.
  Time since last request: 76.031103 seconds.
  path: Assets/assets/exo materials/Materials/Fruits/food_lime_01_nor_gl_4k.exr
  artifactKey: Guid(d0205d69bf3f0684dbdb29d16759a7a0) Importer(815301076,1909f56bfc062723c751e8b465ee728b)
Start importing Assets/assets/exo materials/Materials/Fruits/food_lime_01_nor_gl_4k.exr using Guid(d0205d69bf3f0684dbdb29d16759a7a0) Importer(815301076,1909f56bfc062723c751e8b465ee728b)  -> (artifact id: 'a5598076c4646209cc3cbac1fee769d4') in 0.098319 seconds
Number of updated asset objects reloaded before import = 0
Number of asset objects unloaded after import = 2
========================================================================
Received Import Request.
  Time since last request: 7.008836 seconds.
  path: Assets/assets/exo materials/Materials/Fruits/food_apple_01_nor_gl_4k.exr
  artifactKey: Guid(08c92d4fb1e0c814ba16ef4a28b78976) Importer(815301076,1909f56bfc062723c751e8b465ee728b)
Start importing Assets/assets/exo materials/Materials/Fruits/food_apple_01_nor_gl_4k.exr using Guid(08c92d4fb1e0c814ba16ef4a28b78976) Importer(815301076,1909f56bfc062723c751e8b465ee728b)  -> (artifact id: '44bcec6788871ba874c271d8785ea366') in 0.021845 seconds
Number of updated asset objects reloaded before import = 0
Number of asset objects unloaded after import = 2
========================================================================
Received Import Request.
  Time since last request: 367.602002 seconds.
  path: Assets/assets/exo materials/Materials/New Material.mat
  artifactKey: Guid(dc60e23a2ccf8a04cb338db5d451bb93) Importer(815301076,1909f56bfc062723c751e8b465ee728b)
Start importing Assets/assets/exo materials/Materials/New Material.mat using Guid(dc60e23a2ccf8a04cb338db5d451bb93) Importer(815301076,1909f56bfc062723c751e8b465ee728b)  -> (artifact id: '62dc7a59f72965f2abeffd9ad797f7b1') in 0.015086 seconds
Number of updated asset objects reloaded before import = 0
Number of asset objects unloaded after import = 1
========================================================================
Received Import Request.
  Time since last request: 15.363897 seconds.
  path: Assets/assets/exo materials/Materials/pot
  artifactKey: Guid(d48e7b0c37481824c9d1b9f88d3968e9) Importer(815301076,1909f56bfc062723c751e8b465ee728b)
Start importing Assets/assets/exo materials/Materials/pot using Guid(d48e7b0c37481824c9d1b9f88d3968e9) Importer(815301076,1909f56bfc062723c751e8b465ee728b)  -> (artifact id: 'fda607bd598918c6e53825e4bc5279e8') in 0.000645 seconds
Number of updated asset objects reloaded before import = 0
Number of asset objects unloaded after import = 0
========================================================================
Received Import Request.
  Time since last request: 15.977775 seconds.
  path: Assets/assets/exo materials/Materials/pot/15573870_Glass_plate_001.jpg
  artifactKey: Guid(ce5037f442e4c3047883d5d181b6159b) Importer(815301076,1909f56bfc062723c751e8b465ee728b)
Start importing Assets/assets/exo materials/Materials/pot/15573870_Glass_plate_001.jpg using Guid(ce5037f442e4c3047883d5d181b6159b) Importer(815301076,1909f56bfc062723c751e8b465ee728b)  -> (artifact id: 'a0e07e06f87ebc12a6828225faa1fa26') in 0.038725 seconds
Number of updated asset objects reloaded before import = 0
Number of asset objects unloaded after import = 2
========================================================================
Received Import Request.
  Time since last request: 13.002020 seconds.
  path: Assets/assets/exo materials/Materials/pot/M_windows.mat
  artifactKey: Guid(eb3054428f3d7fe4bb124bee2e65a7dc) Importer(815301076,1909f56bfc062723c751e8b465ee728b)
Start importing Assets/assets/exo materials/Materials/pot/M_windows.mat using Guid(eb3054428f3d7fe4bb124bee2e65a7dc) Importer(815301076,1909f56bfc062723c751e8b465ee728b)  -> (artifact id: '0f93f5aef0f20770c1051d045c2ea68b') in 0.012830 seconds
Number of updated asset objects reloaded before import = 0
Number of asset objects unloaded after import = 1
========================================================================
Received Import Request.
  Time since last request: 464.197873 seconds.
  path: Assets/assets/exo materials/Models/uploads_files_2021223_vase_lowPoly.fbx
  artifactKey: Guid(3f32c63de9d2c454ab4e354459e91230) Importer(815301076,1909f56bfc062723c751e8b465ee728b)
Start importing Assets/assets/exo materials/Models/uploads_files_2021223_vase_lowPoly.fbx using Guid(3f32c63de9d2c454ab4e354459e91230) Importer(815301076,1909f56bfc062723c751e8b465ee728b)  -> (artifact id: '2e5e3adbad62f3f789069d1270f6a7c8') in 0.043195 seconds
Number of updated asset objects reloaded before import = 0
Number of asset objects unloaded after import = 15
========================================================================
Received Import Request.
  Time since last request: 359.686285 seconds.
  path: Assets/assets/exo materials/Materials/pot/M_windows.mat
  artifactKey: Guid(eb3054428f3d7fe4bb124bee2e65a7dc) Importer(815301076,1909f56bfc062723c751e8b465ee728b)
Start importing Assets/assets/exo materials/Materials/pot/M_windows.mat using Guid(eb3054428f3d7fe4bb124bee2e65a7dc) Importer(815301076,1909f56bfc062723c751e8b465ee728b)  -> (artifact id: 'ca5ab07dbd4f5d1bbfd06207aa3a5cb1') in 0.338093 seconds
Number of updated asset objects reloaded before import = 0
Number of asset objects unloaded after import = 1
