Using pre-set license
Built from '2022.3/staging' branch; Version is '2022.3.19f1 (244b723c30a6) revision 2378610'; Using compiler version '192829333'; Build Type 'Release'
OS: 'Windows 11  (10.0.22631) 64bit Core' Language: 'fr' Physical Memory: 32600 MB
BatchMode: 1, IsHumanControllingUs: 0, StartBugReporterOnCrash: 0, Is64bit: 1, IsPro: 1

COMMAND LINE ARGUMENTS:
C:\Program Files\Unity\Hub\Editor\2022.3.19f1\Editor\Unity.exe
-adb2
-batchMode
-noUpm
-name
AssetImportWorker0
-projectPath
C:/Users/katan/Desktop/Brassart_portable/Moteur de jeu/Lion_Alexis_Nature_Morte
-logFile
Logs/AssetImportWorker0.log
-srvPort
52747
Successfully changed project path to: C:/Users/katan/Desktop/Brassart_portable/Moteur de jeu/Lion_Alexis_Nature_Morte
C:/Users/katan/Desktop/Brassart_portable/Moteur de jeu/Lion_Alexis_Nature_Morte
[UnityMemory] Configuration Parameters - Can be set up in boot.config
    "memorysetup-bucket-allocator-granularity=16"
    "memorysetup-bucket-allocator-bucket-count=8"
    "memorysetup-bucket-allocator-block-size=33554432"
    "memorysetup-bucket-allocator-block-count=8"
    "memorysetup-main-allocator-block-size=16777216"
    "memorysetup-thread-allocator-block-size=16777216"
    "memorysetup-gfx-main-allocator-block-size=16777216"
    "memorysetup-gfx-thread-allocator-block-size=16777216"
    "memorysetup-cache-allocator-block-size=4194304"
    "memorysetup-typetree-allocator-block-size=2097152"
    "memorysetup-profiler-bucket-allocator-granularity=16"
    "memorysetup-profiler-bucket-allocator-bucket-count=8"
    "memorysetup-profiler-bucket-allocator-block-size=33554432"
    "memorysetup-profiler-bucket-allocator-block-count=8"
    "memorysetup-profiler-allocator-block-size=16777216"
    "memorysetup-profiler-editor-allocator-block-size=1048576"
    "memorysetup-temp-allocator-size-main=16777216"
    "memorysetup-job-temp-allocator-block-size=2097152"
    "memorysetup-job-temp-allocator-block-size-background=1048576"
    "memorysetup-job-temp-allocator-reduction-small-platforms=262144"
    "memorysetup-allocator-temp-initial-block-size-main=262144"
    "memorysetup-allocator-temp-initial-block-size-worker=262144"
    "memorysetup-temp-allocator-size-background-worker=32768"
    "memorysetup-temp-allocator-size-job-worker=262144"
    "memorysetup-temp-allocator-size-preload-manager=33554432"
    "memorysetup-temp-allocator-size-nav-mesh-worker=65536"
    "memorysetup-temp-allocator-size-audio-worker=65536"
    "memorysetup-temp-allocator-size-cloud-worker=32768"
    "memorysetup-temp-allocator-size-gi-baking-worker=262144"
    "memorysetup-temp-allocator-size-gfx=262144"
Player connection [34904] Host "[IP] 10.125.149.120 [Port] 0 [Flags] 2 [Guid] 2537042893 [EditorId] 2537042893 [Version] 1048832 [Id] WindowsEditor(7,RaionChi_PC) [Debug] 1 [PackageName] WindowsEditor [ProjectName] Editor" joined multi-casting on [225.0.0.222:54997]...

Player connection [34904] Host "[IP] 10.125.149.120 [Port] 0 [Flags] 2 [Guid] 2537042893 [EditorId] 2537042893 [Version] 1048832 [Id] WindowsEditor(7,RaionChi_PC) [Debug] 1 [PackageName] WindowsEditor [ProjectName] Editor" joined alternative multi-casting on [225.0.0.222:34997]...

[Physics::Module] Initialized MultithreadedJobDispatcher with 15 workers.
Refreshing native plugins compatible for Editor in 9.32 ms, found 3 plugins.
Preloading 0 native plugins for Editor in 0.00 ms.
Initialize engine version: 2022.3.19f1 (244b723c30a6)
[Subsystems] Discovering subsystems at path C:/Program Files/Unity/Hub/Editor/2022.3.19f1/Editor/Data/Resources/UnitySubsystems
[Subsystems] Discovering subsystems at path C:/Users/katan/Desktop/Brassart_portable/Moteur de jeu/Lion_Alexis_Nature_Morte/Assets
GfxDevice: creating device client; threaded=0; jobified=0
Direct3D:
    Version:  Direct3D 11.0 [level 11.1]
    Renderer: NVIDIA GeForce RTX 2070 Super (ID=0x1e91)
    Vendor:   NVIDIA
    VRAM:     7989 MB
    Driver:   31.0.15.5123
Initialize mono
Mono path[0] = 'C:/Program Files/Unity/Hub/Editor/2022.3.19f1/Editor/Data/Managed'
Mono path[1] = 'C:/Program Files/Unity/Hub/Editor/2022.3.19f1/Editor/Data/MonoBleedingEdge/lib/mono/unityjit-win32'
Mono config path = 'C:/Program Files/Unity/Hub/Editor/2022.3.19f1/Editor/Data/MonoBleedingEdge/etc'
Using monoOptions --debugger-agent=transport=dt_socket,embedding=1,server=y,suspend=n,address=127.0.0.1:56080
Begin MonoManager ReloadAssembly
Registering precompiled unity dll's ...
Register platform support module: C:/Program Files/Unity/Hub/Editor/2022.3.19f1/Editor/Data/PlaybackEngines/WebGLSupport/UnityEditor.WebGL.Extensions.dll
Register platform support module: C:/Program Files/Unity/Hub/Editor/2022.3.19f1/Editor/Data/PlaybackEngines/WindowsStandaloneSupport/UnityEditor.WindowsStandalone.Extensions.dll
Registered in 0.011100 seconds.
- Loaded All Assemblies, in  0.426 seconds
Native extension for WindowsStandalone target not found
Native extension for WebGL target not found
Mono: successfully reloaded assembly
- Finished resetting the current domain, in  0.310 seconds
Domain Reload Profiling: 734ms
	BeginReloadAssembly (122ms)
		ExecutionOrderSort (0ms)
		DisableScriptedObjects (0ms)
		BackupInstance (0ms)
		ReleaseScriptingObjects (0ms)
		CreateAndSetChildDomain (1ms)
	RebuildCommonClasses (38ms)
	RebuildNativeTypeToScriptingClass (12ms)
	initialDomainReloadingComplete (69ms)
	LoadAllAssembliesAndSetupDomain (182ms)
		LoadAssemblies (120ms)
		RebuildTransferFunctionScriptingTraits (0ms)
		AnalyzeDomain (180ms)
			TypeCache.Refresh (178ms)
				TypeCache.ScanAssembly (161ms)
			ScanForSourceGeneratedMonoScriptInfo (0ms)
			ResolveRequiredComponents (1ms)
	FinalizeReload (311ms)
		ReleaseScriptCaches (0ms)
		RebuildScriptCaches (0ms)
		SetupLoadedEditorAssemblies (242ms)
			LogAssemblyErrors (0ms)
			InitializePlatformSupportModulesInManaged (11ms)
			SetLoadedEditorAssemblies (7ms)
			RefreshPlugins (0ms)
			BeforeProcessingInitializeOnLoad (3ms)
			ProcessInitializeOnLoadAttributes (172ms)
			ProcessInitializeOnLoadMethodAttributes (48ms)
			AfterProcessingInitializeOnLoad (0ms)
			EditorAssembliesLoaded (0ms)
		ExecutionOrderSort2 (0ms)
		AwakeInstancesAfterBackupRestoration (0ms)
========================================================================
Worker process is ready to serve import requests
Begin MonoManager ReloadAssembly
- Loaded All Assemblies, in  0.620 seconds
Refreshing native plugins compatible for Editor in 3.40 ms, found 3 plugins.
Native extension for WindowsStandalone target not found
Native extension for WebGL target not found
Package Manager log level set to [2]
[Package Manager] Server::EnsureServerProcessIsRunning -- launch failed, reason: Unity was launched with the -noUpm command-line argument
[Package Manager] UpmClient::Send -- Unable to send message (not connected to UPM process).
[Package Manager] Cannot connect to Unity Package Manager local server
Mono: successfully reloaded assembly
- Finished resetting the current domain, in  0.571 seconds
Domain Reload Profiling: 1186ms
	BeginReloadAssembly (144ms)
		ExecutionOrderSort (0ms)
		DisableScriptedObjects (6ms)
		BackupInstance (0ms)
		ReleaseScriptingObjects (0ms)
		CreateAndSetChildDomain (22ms)
	RebuildCommonClasses (34ms)
	RebuildNativeTypeToScriptingClass (12ms)
	initialDomainReloadingComplete (41ms)
	LoadAllAssembliesAndSetupDomain (383ms)
		LoadAssemblies (279ms)
		RebuildTransferFunctionScriptingTraits (0ms)
		AnalyzeDomain (186ms)
			TypeCache.Refresh (165ms)
				TypeCache.ScanAssembly (150ms)
			ScanForSourceGeneratedMonoScriptInfo (15ms)
			ResolveRequiredComponents (4ms)
	FinalizeReload (571ms)
		ReleaseScriptCaches (0ms)
		RebuildScriptCaches (0ms)
		SetupLoadedEditorAssemblies (416ms)
			LogAssemblyErrors (0ms)
			InitializePlatformSupportModulesInManaged (7ms)
			SetLoadedEditorAssemblies (4ms)
			RefreshPlugins (0ms)
			BeforeProcessingInitializeOnLoad (61ms)
			ProcessInitializeOnLoadAttributes (317ms)
			ProcessInitializeOnLoadMethodAttributes (19ms)
			AfterProcessingInitializeOnLoad (8ms)
			EditorAssembliesLoaded (0ms)
		ExecutionOrderSort2 (0ms)
		AwakeInstancesAfterBackupRestoration (6ms)
Launched and connected shader compiler UnityShaderCompiler.exe after 0.03 seconds
Refreshing native plugins compatible for Editor in 5.11 ms, found 3 plugins.
Preloading 0 native plugins for Editor in 0.00 ms.
Unloading 3083 Unused Serialized files (Serialized files now loaded: 0)
Unloading 32 unused Assets / (57.3 KB). Loaded Objects now: 3544.
Memory consumption went from 122.7 MB to 122.7 MB.
Total: 4.442600 ms (FindLiveObjects: 0.321900 ms CreateObjectMapping: 0.295500 ms MarkObjects: 3.685700 ms  DeleteObjects: 0.138200 ms)

AssetImportParameters requested are different than current active one (requested -> active):
  custom:container-demuxer-ogg: 62fdf1f143b41e24485cea50d1cbac27 -> 
  custom:video-codec-MediaFoundation-h265: 746d11721c4dcdbdad8f713fa42b33f4 -> 
  custom:video-decoder-ogg-theora: a1e56fd34408186e4bbccfd4996cb3dc -> 
  custom:framework-win-MediaFoundation: 216162199b28c13a410421893ffa2e32 -> 
  custom:CustomObjectIndexerAttribute: 6d391050e5a25f67b0a2c618074f2cd9 -> 
  custom:container-demuxer-webm: 4f35f7cbe854078d1ac9338744f61a02 -> 
  custom:container-muxer-webm: aa71ff27fc2769a1b78a27578f13a17b -> 
  custom:video-decoder-webm-vp8: 9c59270c3fd7afecdb556c50c9e8de78 -> 
  custom:SearchIndexIgnoredProperties: e643bd26f0fe6173181afceb89e7c659 -> 
  custom:AudioImporter_EditorPlatform: d09bf68614088b80899f8185d706f6e7 -> 
  custom:video-encoder-webm-vp8: eb34c28f22e8b96e1ab97ce403110664 -> 
  custom:audio-decoder-ogg-vorbis: bf7c407c2cedff20999df2af8eb42d56 -> 
  custom:audio-encoder-webm-vorbis: bf7c407c2cedff20999df2af8eb42d56 -> 
========================================================================
Received Import Request.
  Time since last request: 449673.858903 seconds.
  path: Assets/Scenes
  artifactKey: Guid(1a625e30bf34a8f40a4b26915d78d280) Importer(815301076,1909f56bfc062723c751e8b465ee728b)
Start importing Assets/Scenes using Guid(1a625e30bf34a8f40a4b26915d78d280) Importer(815301076,1909f56bfc062723c751e8b465ee728b)  -> (artifact id: 'abb6716b96a2454f9b736b8fbd720a6b') in 0.002491 seconds
Number of updated asset objects reloaded before import = 0
Number of asset objects unloaded after import = 0
========================================================================
Received Import Request.
  Time since last request: 3.459947 seconds.
  path: Assets
  artifactKey: Guid(00000000000000001000000000000000) Importer(815301076,1909f56bfc062723c751e8b465ee728b)
Start importing Assets using Guid(00000000000000001000000000000000) Importer(815301076,1909f56bfc062723c751e8b465ee728b)  -> (artifact id: '8a4fe85251aa2e89732c359432baa2c3') in 0.000347 seconds
Number of updated asset objects reloaded before import = 0
Number of asset objects unloaded after import = 0
========================================================================
Received Import Request.
  Time since last request: 27.487771 seconds.
  path: Assets/assets
  artifactKey: Guid(9c128711820d5f7418ce9fdb5116791b) Importer(815301076,1909f56bfc062723c751e8b465ee728b)
Start importing Assets/assets using Guid(9c128711820d5f7418ce9fdb5116791b) Importer(815301076,1909f56bfc062723c751e8b465ee728b)  -> (artifact id: 'badbbb08378431ac1f14645b088e8c4e') in 0.000375 seconds
Number of updated asset objects reloaded before import = 0
Number of asset objects unloaded after import = 0
========================================================================
Received Import Request.
  Time since last request: 58.522500 seconds.
  path: Assets/assets/Devoir Rendu GD3
  artifactKey: Guid(7129fd559d5eff24eb0314c712b8e2e8) Importer(815301076,1909f56bfc062723c751e8b465ee728b)
Start importing Assets/assets/Devoir Rendu GD3 using Guid(7129fd559d5eff24eb0314c712b8e2e8) Importer(815301076,1909f56bfc062723c751e8b465ee728b)  -> (artifact id: '24ce05248ee209fc7d27c142be7a7865') in 0.000540 seconds
Number of updated asset objects reloaded before import = 0
Number of asset objects unloaded after import = 0
========================================================================
Received Import Request.
  Time since last request: 0.054685 seconds.
  path: Assets/assets/Devoir Rendu GD3/Apple.FBX
  artifactKey: Guid(f13b1af51b287c9468cdf04124b0cf87) Importer(815301076,1909f56bfc062723c751e8b465ee728b)
Start importing Assets/assets/Devoir Rendu GD3/Apple.FBX using Guid(f13b1af51b287c9468cdf04124b0cf87) Importer(815301076,1909f56bfc062723c751e8b465ee728b)  -> (artifact id: 'e42def5f465132641ed91523d188afd7') in 0.286243 seconds
Number of updated asset objects reloaded before import = 0
Number of asset objects unloaded after import = 16
========================================================================
Received Import Request.
  Time since last request: 0.000021 seconds.
  path: Assets/assets/Devoir Rendu GD3/Plant_Normal.png
  artifactKey: Guid(c645874287d24554284a533fee7f2495) Importer(815301076,1909f56bfc062723c751e8b465ee728b)
Start importing Assets/assets/Devoir Rendu GD3/Plant_Normal.png using Guid(c645874287d24554284a533fee7f2495) Importer(815301076,1909f56bfc062723c751e8b465ee728b)  -> (artifact id: '548d766f93eef213d366859038fb48ee') in 0.025453 seconds
Number of updated asset objects reloaded before import = 0
Number of asset objects unloaded after import = 2
========================================================================
Received Import Request.
  Time since last request: 0.000027 seconds.
  path: Assets/assets/Devoir Rendu GD3/Kettle_C.png
  artifactKey: Guid(05175009eba230c4c9422b316db66ec5) Importer(815301076,1909f56bfc062723c751e8b465ee728b)
Start importing Assets/assets/Devoir Rendu GD3/Kettle_C.png using Guid(05175009eba230c4c9422b316db66ec5) Importer(815301076,1909f56bfc062723c751e8b465ee728b)  -> (artifact id: '7b1e6b4ab3d8e704332c427c768beb5b') in 0.020587 seconds
Number of updated asset objects reloaded before import = 0
Number of asset objects unloaded after import = 2
========================================================================
Received Import Request.
  Time since last request: 0.000018 seconds.
  path: Assets/assets/Devoir Rendu GD3/Pavement_SmallMoss_AO.png
  artifactKey: Guid(aee8723809609d04a819e1293728870c) Importer(815301076,1909f56bfc062723c751e8b465ee728b)
Start importing Assets/assets/Devoir Rendu GD3/Pavement_SmallMoss_AO.png using Guid(aee8723809609d04a819e1293728870c) Importer(815301076,1909f56bfc062723c751e8b465ee728b)  -> (artifact id: 'e34aff97e3b6d4c98791cb11e0a1df3c') in 0.018827 seconds
Number of updated asset objects reloaded before import = 0
Number of asset objects unloaded after import = 2
========================================================================
Received Import Request.
  Time since last request: 0.000048 seconds.
  path: Assets/assets/Devoir Rendu GD3/Kettle_E.png
  artifactKey: Guid(3dedc849656ed1e4bbe5b840e2a102a6) Importer(815301076,1909f56bfc062723c751e8b465ee728b)
Start importing Assets/assets/Devoir Rendu GD3/Kettle_E.png using Guid(3dedc849656ed1e4bbe5b840e2a102a6) Importer(815301076,1909f56bfc062723c751e8b465ee728b)  -> (artifact id: 'b3cbf85237dcc880a85eb788de64e5dc') in 0.039759 seconds
Number of updated asset objects reloaded before import = 0
Number of asset objects unloaded after import = 2
========================================================================
Received Import Request.
  Time since last request: 0.000014 seconds.
  path: Assets/assets/Devoir Rendu GD3/Plant.FBX
  artifactKey: Guid(34e2ad77e74cfc842b1ad509f3534769) Importer(815301076,1909f56bfc062723c751e8b465ee728b)
Start importing Assets/assets/Devoir Rendu GD3/Plant.FBX using Guid(34e2ad77e74cfc842b1ad509f3534769) Importer(815301076,1909f56bfc062723c751e8b465ee728b)  -> (artifact id: '743f40699ef9a773273be82cc293b465') in 0.201511 seconds
Number of updated asset objects reloaded before import = 0
Number of asset objects unloaded after import = 106
========================================================================
Received Import Request.
  Time since last request: 0.000079 seconds.
  path: Assets/assets/Devoir Rendu GD3/Kettle_A.png
  artifactKey: Guid(3fe84bde0efac634a9875918fa619c94) Importer(815301076,1909f56bfc062723c751e8b465ee728b)
Start importing Assets/assets/Devoir Rendu GD3/Kettle_A.png using Guid(3fe84bde0efac634a9875918fa619c94) Importer(815301076,1909f56bfc062723c751e8b465ee728b)  -> (artifact id: 'b5d2fa0af12d389fda1dc2ec30b8ca51') in 0.021639 seconds
Number of updated asset objects reloaded before import = 0
Number of asset objects unloaded after import = 2
========================================================================
Received Import Request.
  Time since last request: 0.000034 seconds.
  path: Assets/assets/Devoir Rendu GD3/Metal_Normal.tif
  artifactKey: Guid(eeb18e3c6639d424781e1d662dac836f) Importer(815301076,1909f56bfc062723c751e8b465ee728b)
Start importing Assets/assets/Devoir Rendu GD3/Metal_Normal.tif using Guid(eeb18e3c6639d424781e1d662dac836f) Importer(815301076,1909f56bfc062723c751e8b465ee728b)  -> (artifact id: '7b89b34fbb2346b182f0aa3aa0e2a790') in 0.022262 seconds
Number of updated asset objects reloaded before import = 0
Number of asset objects unloaded after import = 2
========================================================================
Received Import Request.
  Time since last request: 0.000023 seconds.
  path: Assets/assets/Devoir Rendu GD3/Plastic_Normal.tif
  artifactKey: Guid(53103342acd51f24ab18b58b18024a5d) Importer(815301076,1909f56bfc062723c751e8b465ee728b)
Start importing Assets/assets/Devoir Rendu GD3/Plastic_Normal.tif using Guid(53103342acd51f24ab18b58b18024a5d) Importer(815301076,1909f56bfc062723c751e8b465ee728b)  -> (artifact id: '06d59909bfc3731b8ee34ae85bb53545') in 0.020245 seconds
Number of updated asset objects reloaded before import = 0
Number of asset objects unloaded after import = 2
========================================================================
Received Import Request.
  Time since last request: 0.000033 seconds.
  path: Assets/assets/Devoir Rendu GD3/Kettle_Normal.png
  artifactKey: Guid(8981d1195345c474192921eb0494aec5) Importer(815301076,1909f56bfc062723c751e8b465ee728b)
Start importing Assets/assets/Devoir Rendu GD3/Kettle_Normal.png using Guid(8981d1195345c474192921eb0494aec5) Importer(815301076,1909f56bfc062723c751e8b465ee728b)  -> (artifact id: 'dd0263d0ebd7a9c5ec25870126f17067') in 0.023372 seconds
Number of updated asset objects reloaded before import = 0
Number of asset objects unloaded after import = 2
========================================================================
Received Import Request.
  Time since last request: 0.000024 seconds.
  path: Assets/assets/Devoir Rendu GD3/GlassVase.FBX
  artifactKey: Guid(32250f29fe7bc6d419363cfc6b89c039) Importer(815301076,1909f56bfc062723c751e8b465ee728b)
Start importing Assets/assets/Devoir Rendu GD3/GlassVase.FBX using Guid(32250f29fe7bc6d419363cfc6b89c039) Importer(815301076,1909f56bfc062723c751e8b465ee728b)  -> (artifact id: '1fd2398f1ce23cb68b8f2291b760ee31') in 0.316542 seconds
Number of updated asset objects reloaded before import = 0
Number of asset objects unloaded after import = 9
Editor requested this worker to shutdown with reason: Scaling down because of idle timeout
TcpMessagingSession - receive error: operation aborted. errorcode: 995, details: L’opération d’entrée/sortie a été abandonnée en raison de l’arrêt d’un thread ou à la demande d’une application.
AssetImportWorker is now disconnected from the server
Process exiting
Exiting without the bug reporter. Application will terminate with return code 0