Using pre-set license
Built from '2022.3/staging' branch; Version is '2022.3.10f1 (ff3792e53c62) revision 16725906'; Using compiler version '192829333'; Build Type 'Release'
OS: 'Windows 10  (10.0.19045) 64bit Core' Language: 'fr' Physical Memory: 16346 MB
BatchMode: 1, IsHumanControllingUs: 0, StartBugReporterOnCrash: 0, Is64bit: 1, IsPro: 1

COMMAND LINE ARGUMENTS:
A:\Program Files\Unity Hub\unity\2022.3.10f1\Editor\Unity.exe
-adb2
-batchMode
-noUpm
-name
AssetImportWorker3
-projectPath
C:/Users/katan/Documents/GitHub/Unity_Lion_Alexis_GD3_Materials/Lion_Alexis_Nature_Morte
-logFile
Logs/AssetImportWorker3.log
-srvPort
63138
Successfully changed project path to: C:/Users/katan/Documents/GitHub/Unity_Lion_Alexis_GD3_Materials/Lion_Alexis_Nature_Morte
C:/Users/katan/Documents/GitHub/Unity_Lion_Alexis_GD3_Materials/Lion_Alexis_Nature_Morte
[UnityMemory] Configuration Parameters - Can be set up in boot.config
    "memorysetup-bucket-allocator-granularity=16"
    "memorysetup-bucket-allocator-bucket-count=8"
    "memorysetup-bucket-allocator-block-size=33554432"
    "memorysetup-bucket-allocator-block-count=8"
    "memorysetup-main-allocator-block-size=16777216"
    "memorysetup-thread-allocator-block-size=16777216"
    "memorysetup-gfx-main-allocator-block-size=16777216"
    "memorysetup-gfx-thread-allocator-block-size=16777216"
    "memorysetup-cache-allocator-block-size=4194304"
    "memorysetup-typetree-allocator-block-size=2097152"
    "memorysetup-profiler-bucket-allocator-granularity=16"
    "memorysetup-profiler-bucket-allocator-bucket-count=8"
    "memorysetup-profiler-bucket-allocator-block-size=33554432"
    "memorysetup-profiler-bucket-allocator-block-count=8"
    "memorysetup-profiler-allocator-block-size=16777216"
    "memorysetup-profiler-editor-allocator-block-size=1048576"
    "memorysetup-temp-allocator-size-main=16777216"
    "memorysetup-job-temp-allocator-block-size=2097152"
    "memorysetup-job-temp-allocator-block-size-background=1048576"
    "memorysetup-job-temp-allocator-reduction-small-platforms=262144"
    "memorysetup-allocator-temp-initial-block-size-main=262144"
    "memorysetup-allocator-temp-initial-block-size-worker=262144"
    "memorysetup-temp-allocator-size-background-worker=32768"
    "memorysetup-temp-allocator-size-job-worker=262144"
    "memorysetup-temp-allocator-size-preload-manager=33554432"
    "memorysetup-temp-allocator-size-nav-mesh-worker=65536"
    "memorysetup-temp-allocator-size-audio-worker=65536"
    "memorysetup-temp-allocator-size-cloud-worker=32768"
    "memorysetup-temp-allocator-size-gi-baking-worker=262144"
    "memorysetup-temp-allocator-size-gfx=262144"
Player connection [36880] Host "[IP] 192.168.1.10 [Port] 0 [Flags] 2 [Guid] 734391678 [EditorId] 734391678 [Version] 1048832 [Id] WindowsEditor(7,DESKTOP-UPCCEJ5) [Debug] 1 [PackageName] WindowsEditor [ProjectName] Editor" joined multi-casting on [225.0.0.222:54997]...

Player connection [36880] Host "[IP] 192.168.1.10 [Port] 0 [Flags] 2 [Guid] 734391678 [EditorId] 734391678 [Version] 1048832 [Id] WindowsEditor(7,DESKTOP-UPCCEJ5) [Debug] 1 [PackageName] WindowsEditor [ProjectName] Editor" joined alternative multi-casting on [225.0.0.222:34997]...

[Physics::Module] Initialized MultithreadedJobDispatcher with 7 workers.
Refreshing native plugins compatible for Editor in 16.93 ms, found 3 plugins.
Preloading 0 native plugins for Editor in 0.00 ms.
Initialize engine version: 2022.3.10f1 (ff3792e53c62)
[Subsystems] Discovering subsystems at path A:/Program Files/Unity Hub/unity/2022.3.10f1/Editor/Data/Resources/UnitySubsystems
[Subsystems] Discovering subsystems at path C:/Users/katan/Documents/GitHub/Unity_Lion_Alexis_GD3_Materials/Lion_Alexis_Nature_Morte/Assets
GfxDevice: creating device client; threaded=0; jobified=0
Direct3D:
    Version:  Direct3D 11.0 [level 11.1]
    Renderer: NVIDIA GeForce GTX 1080 (ID=0x1b80)
    Vendor:   NVIDIA
    VRAM:     8073 MB
    Driver:   31.0.15.4633
Initialize mono
Mono path[0] = 'A:/Program Files/Unity Hub/unity/2022.3.10f1/Editor/Data/Managed'
Mono path[1] = 'A:/Program Files/Unity Hub/unity/2022.3.10f1/Editor/Data/MonoBleedingEdge/lib/mono/unityjit-win32'
Mono config path = 'A:/Program Files/Unity Hub/unity/2022.3.10f1/Editor/Data/MonoBleedingEdge/etc'
Using monoOptions --debugger-agent=transport=dt_socket,embedding=1,server=y,suspend=n,address=127.0.0.1:56804
Begin MonoManager ReloadAssembly
Registering precompiled unity dll's ...
Register platform support module: A:/Program Files/Unity Hub/unity/2022.3.10f1/Editor/Data/PlaybackEngines/WindowsStandaloneSupport/UnityEditor.WindowsStandalone.Extensions.dll
Registered in 0.009238 seconds.
- Loaded All Assemblies, in  0.711 seconds
Native extension for WindowsStandalone target not found
Mono: successfully reloaded assembly
- Finished resetting the current domain, in  0.263 seconds
Domain Reload Profiling: 972ms
	BeginReloadAssembly (302ms)
		ExecutionOrderSort (0ms)
		DisableScriptedObjects (0ms)
		BackupInstance (0ms)
		ReleaseScriptingObjects (0ms)
		CreateAndSetChildDomain (2ms)
	RebuildCommonClasses (120ms)
	RebuildNativeTypeToScriptingClass (17ms)
	initialDomainReloadingComplete (74ms)
	LoadAllAssembliesAndSetupDomain (196ms)
		LoadAssemblies (301ms)
		RebuildTransferFunctionScriptingTraits (0ms)
		AnalyzeDomain (193ms)
			TypeCache.Refresh (192ms)
				TypeCache.ScanAssembly (177ms)
			ScanForSourceGeneratedMonoScriptInfo (0ms)
			ResolveRequiredComponents (1ms)
	FinalizeReload (263ms)
		ReleaseScriptCaches (0ms)
		RebuildScriptCaches (0ms)
		SetupLoadedEditorAssemblies (202ms)
			LogAssemblyErrors (0ms)
			InitializePlatformSupportModulesInManaged (9ms)
			SetLoadedEditorAssemblies (7ms)
			RefreshPlugins (0ms)
			BeforeProcessingInitializeOnLoad (2ms)
			ProcessInitializeOnLoadAttributes (135ms)
			ProcessInitializeOnLoadMethodAttributes (49ms)
			AfterProcessingInitializeOnLoad (0ms)
			EditorAssembliesLoaded (0ms)
		ExecutionOrderSort2 (0ms)
		AwakeInstancesAfterBackupRestoration (0ms)
========================================================================
Worker process is ready to serve import requests
Begin MonoManager ReloadAssembly
- Loaded All Assemblies, in  0.806 seconds
Refreshing native plugins compatible for Editor in 5.23 ms, found 3 plugins.
Native extension for WindowsStandalone target not found
Package Manager log level set to [2]
[Package Manager] Server::EnsureServerProcessIsRunning -- launch failed, reason: Unity was launched with the -noUpm command-line argument
[Package Manager] UpmClient::Send -- Unable to send message (not connected to UPM process).
[Package Manager] Cannot connect to Unity Package Manager local server
Mono: successfully reloaded assembly
- Finished resetting the current domain, in  0.778 seconds
Domain Reload Profiling: 1582ms
	BeginReloadAssembly (220ms)
		ExecutionOrderSort (0ms)
		DisableScriptedObjects (9ms)
		BackupInstance (0ms)
		ReleaseScriptingObjects (0ms)
		CreateAndSetChildDomain (29ms)
	RebuildCommonClasses (41ms)
	RebuildNativeTypeToScriptingClass (14ms)
	initialDomainReloadingComplete (42ms)
	LoadAllAssembliesAndSetupDomain (485ms)
		LoadAssemblies (401ms)
		RebuildTransferFunctionScriptingTraits (0ms)
		AnalyzeDomain (219ms)
			TypeCache.Refresh (195ms)
				TypeCache.ScanAssembly (176ms)
			ScanForSourceGeneratedMonoScriptInfo (17ms)
			ResolveRequiredComponents (6ms)
	FinalizeReload (779ms)
		ReleaseScriptCaches (0ms)
		RebuildScriptCaches (0ms)
		SetupLoadedEditorAssemblies (505ms)
			LogAssemblyErrors (0ms)
			InitializePlatformSupportModulesInManaged (7ms)
			SetLoadedEditorAssemblies (5ms)
			RefreshPlugins (0ms)
			BeforeProcessingInitializeOnLoad (75ms)
			ProcessInitializeOnLoadAttributes (390ms)
			ProcessInitializeOnLoadMethodAttributes (23ms)
			AfterProcessingInitializeOnLoad (4ms)
			EditorAssembliesLoaded (0ms)
		ExecutionOrderSort2 (0ms)
		AwakeInstancesAfterBackupRestoration (10ms)
Launched and connected shader compiler UnityShaderCompiler.exe after 0.06 seconds
Refreshing native plugins compatible for Editor in 7.26 ms, found 3 plugins.
Preloading 0 native plugins for Editor in 0.00 ms.
Unloading 3075 Unused Serialized files (Serialized files now loaded: 0)
Unloading 31 unused Assets / (56.3 KB). Loaded Objects now: 3537.
Memory consumption went from 114.3 MB to 114.3 MB.
Total: 4.160700 ms (FindLiveObjects: 0.355800 ms CreateObjectMapping: 0.299600 ms MarkObjects: 3.366000 ms  DeleteObjects: 0.137600 ms)

AssetImportParameters requested are different than current active one (requested -> active):
  custom:container-demuxer-ogg: 62fdf1f143b41e24485cea50d1cbac27 -> 
  custom:video-decoder-ogg-theora: a1e56fd34408186e4bbccfd4996cb3dc -> 
  custom:framework-win-MediaFoundation: 216162199b28c13a410421893ffa2e32 -> 
  custom:CustomObjectIndexerAttribute: 756ad292c208cfabdd7b50bc23989ffe -> 
  custom:container-demuxer-webm: 4f35f7cbe854078d1ac9338744f61a02 -> 
  custom:container-muxer-webm: aa71ff27fc2769a1b78a27578f13a17b -> 
  custom:video-decoder-webm-vp8: 9c59270c3fd7afecdb556c50c9e8de78 -> 
  custom:SearchIndexIgnoredProperties: e643bd26f0fe6173181afceb89e7c659 -> 
  custom:AudioImporter_EditorPlatform: d09bf68614088b80899f8185d706f6e7 -> 
  custom:video-encoder-webm-vp8: eb34c28f22e8b96e1ab97ce403110664 -> 
  custom:audio-decoder-ogg-vorbis: bf7c407c2cedff20999df2af8eb42d56 -> 
  custom:audio-encoder-webm-vorbis: bf7c407c2cedff20999df2af8eb42d56 -> 
========================================================================
Received Import Request.
  Time since last request: 215745.164377 seconds.
  path: Assets/assets/exo materials/Materials/Concrete_1_AmbientOcclusion.png
  artifactKey: Guid(30a4d3ffdef4e014ba68a32e2d26b14a) Importer(815301076,1909f56bfc062723c751e8b465ee728b)
Start importing Assets/assets/exo materials/Materials/Concrete_1_AmbientOcclusion.png using Guid(30a4d3ffdef4e014ba68a32e2d26b14a) Importer(815301076,1909f56bfc062723c751e8b465ee728b)  -> (artifact id: '4202fbd30b9e49ea74172cb310078295') in 0.109385 seconds
Number of updated asset objects reloaded before import = 0
Number of asset objects unloaded after import = 2
========================================================================
Received Import Request.
  Time since last request: 0.000021 seconds.
  path: Assets/assets/exo materials/Materials/Plant_Normal.png
  artifactKey: Guid(c645874287d24554284a533fee7f2495) Importer(815301076,1909f56bfc062723c751e8b465ee728b)
Start importing Assets/assets/exo materials/Materials/Plant_Normal.png using Guid(c645874287d24554284a533fee7f2495) Importer(815301076,1909f56bfc062723c751e8b465ee728b)  -> (artifact id: '8efed8c6a25cbe61954b5cbeb3165ae4') in 0.040101 seconds
Number of updated asset objects reloaded before import = 0
Number of asset objects unloaded after import = 2
========================================================================
Received Import Request.
  Time since last request: 0.000018 seconds.
  path: Assets/assets/exo materials/Materials/Kettle_C.png
  artifactKey: Guid(05175009eba230c4c9422b316db66ec5) Importer(815301076,1909f56bfc062723c751e8b465ee728b)
Start importing Assets/assets/exo materials/Materials/Kettle_C.png using Guid(05175009eba230c4c9422b316db66ec5) Importer(815301076,1909f56bfc062723c751e8b465ee728b)  -> (artifact id: 'ebe7a86c53095ca0a4119d708eef929f') in 0.028709 seconds
Number of updated asset objects reloaded before import = 0
Number of asset objects unloaded after import = 2
========================================================================
Received Import Request.
  Time since last request: 0.000021 seconds.
  path: Assets/assets/exo materials/Materials/Pavement_SmallMoss_AO.png
  artifactKey: Guid(aee8723809609d04a819e1293728870c) Importer(815301076,1909f56bfc062723c751e8b465ee728b)
Start importing Assets/assets/exo materials/Materials/Pavement_SmallMoss_AO.png using Guid(aee8723809609d04a819e1293728870c) Importer(815301076,1909f56bfc062723c751e8b465ee728b)  -> (artifact id: '07366d6064fe73431c51cccc2147b97b') in 0.025270 seconds
Number of updated asset objects reloaded before import = 0
Number of asset objects unloaded after import = 2
========================================================================
Received Import Request.
  Time since last request: 0.000018 seconds.
  path: Assets/assets/exo materials/Materials/Mug_Normal.png
  artifactKey: Guid(af3148e7068fa4b41811223bdc356fc2) Importer(815301076,1909f56bfc062723c751e8b465ee728b)
Start importing Assets/assets/exo materials/Materials/Mug_Normal.png using Guid(af3148e7068fa4b41811223bdc356fc2) Importer(815301076,1909f56bfc062723c751e8b465ee728b)  -> (artifact id: '82f40a62e206b4ce7437db14a0005405') in 0.071511 seconds
Number of updated asset objects reloaded before import = 0
Number of asset objects unloaded after import = 2
========================================================================
Received Import Request.
  Time since last request: 0.000042 seconds.
  path: Assets/assets/exo materials/Materials/Plant_Albedo.png
  artifactKey: Guid(b7bb4113c65619a42a83e5d7d432ac7b) Importer(815301076,1909f56bfc062723c751e8b465ee728b)
Start importing Assets/assets/exo materials/Materials/Plant_Albedo.png using Guid(b7bb4113c65619a42a83e5d7d432ac7b) Importer(815301076,1909f56bfc062723c751e8b465ee728b)  -> (artifact id: '0a625170e12c168c4435912001132691') in 0.026706 seconds
Number of updated asset objects reloaded before import = 0
Number of asset objects unloaded after import = 2
========================================================================
Received Import Request.
  Time since last request: 0.000016 seconds.
  path: Assets/assets/exo materials/Materials/Kettle_B.png
  artifactKey: Guid(108a6e15479bb924299fb5578035de82) Importer(815301076,1909f56bfc062723c751e8b465ee728b)
Start importing Assets/assets/exo materials/Materials/Kettle_B.png using Guid(108a6e15479bb924299fb5578035de82) Importer(815301076,1909f56bfc062723c751e8b465ee728b)  -> (artifact id: '87f30a5a50a47c3f39adb91ebe0f20cf') in 0.025196 seconds
Number of updated asset objects reloaded before import = 0
Number of asset objects unloaded after import = 2
========================================================================
Received Import Request.
  Time since last request: 0.000021 seconds.
  path: Assets/assets/exo materials/Materials/M_Kettle.mat
  artifactKey: Guid(f4fbd87f705624c40a4ccd59e3efff25) Importer(815301076,1909f56bfc062723c751e8b465ee728b)
Start importing Assets/assets/exo materials/Materials/M_Kettle.mat using Guid(f4fbd87f705624c40a4ccd59e3efff25) Importer(815301076,1909f56bfc062723c751e8b465ee728b)  -> (artifact id: '34f28a64a0fd930a4f40b26d5e6995bf') in 0.392850 seconds
Number of updated asset objects reloaded before import = 0
Number of asset objects unloaded after import = 1
========================================================================
Received Import Request.
  Time since last request: 0.000031 seconds.
  path: Assets/assets/exo materials/Materials/Mug_AmbientOcclusion.png
  artifactKey: Guid(8ae446b4d11ac4048befbaccc49c162d) Importer(815301076,1909f56bfc062723c751e8b465ee728b)
Start importing Assets/assets/exo materials/Materials/Mug_AmbientOcclusion.png using Guid(8ae446b4d11ac4048befbaccc49c162d) Importer(815301076,1909f56bfc062723c751e8b465ee728b)  -> (artifact id: '7c82fdb5d52776db2e1e4a6ee7c3d174') in 0.041378 seconds
Number of updated asset objects reloaded before import = 0
Number of asset objects unloaded after import = 2
========================================================================
Received Import Request.
  Time since last request: 0.000036 seconds.
  path: Assets/assets/exo materials/Materials/Metal_Normal.tif
  artifactKey: Guid(eeb18e3c6639d424781e1d662dac836f) Importer(815301076,1909f56bfc062723c751e8b465ee728b)
Start importing Assets/assets/exo materials/Materials/Metal_Normal.tif using Guid(eeb18e3c6639d424781e1d662dac836f) Importer(815301076,1909f56bfc062723c751e8b465ee728b)  -> (artifact id: 'd126561e7bed4043c892927c2789e04a') in 0.044685 seconds
Number of updated asset objects reloaded before import = 0
Number of asset objects unloaded after import = 2
========================================================================
Received Import Request.
  Time since last request: 0.000021 seconds.
  path: Assets/assets/exo materials/Materials/Kettle_Normal.png
  artifactKey: Guid(8981d1195345c474192921eb0494aec5) Importer(815301076,1909f56bfc062723c751e8b465ee728b)
Start importing Assets/assets/exo materials/Materials/Kettle_Normal.png using Guid(8981d1195345c474192921eb0494aec5) Importer(815301076,1909f56bfc062723c751e8b465ee728b)  -> (artifact id: '153720882fd6ed187b6a1f45bb43300e') in 0.033307 seconds
Number of updated asset objects reloaded before import = 0
Number of asset objects unloaded after import = 2
========================================================================
Received Import Request.
  Time since last request: 0.000023 seconds.
  path: Assets/assets/exo materials/Materials/Pavement_SmallMoss_height.png
  artifactKey: Guid(9a61a75cf84205148aa41aafc110a8b1) Importer(815301076,1909f56bfc062723c751e8b465ee728b)
Start importing Assets/assets/exo materials/Materials/Pavement_SmallMoss_height.png using Guid(9a61a75cf84205148aa41aafc110a8b1) Importer(815301076,1909f56bfc062723c751e8b465ee728b)  -> (artifact id: '3c7bd1aeb75b76f9b9287ca2723f7d9d') in 0.029382 seconds
Number of updated asset objects reloaded before import = 0
Number of asset objects unloaded after import = 2
========================================================================
Received Import Request.
  Time since last request: 0.000018 seconds.
  path: Assets/assets/exo materials/Materials/Mug_MetallicSmoothness.png
  artifactKey: Guid(24cffa2e80fb1924dbca2fb04a56a877) Importer(815301076,1909f56bfc062723c751e8b465ee728b)
Start importing Assets/assets/exo materials/Materials/Mug_MetallicSmoothness.png using Guid(24cffa2e80fb1924dbca2fb04a56a877) Importer(815301076,1909f56bfc062723c751e8b465ee728b)  -> (artifact id: '079a9acfaf2fde9895c3f09e29290bbb') in 0.027940 seconds
Number of updated asset objects reloaded before import = 0
Number of asset objects unloaded after import = 2
Editor requested this worker to shutdown with reason: Scaling down because of idle timeout
TcpMessagingSession - receive error
AssetImportWorkerClient::OnTransportError - code=2 error=End of file
AssetImportWorker is now disconnected from the server
Process exiting
Exiting without the bug reporter. Application will terminate with return code 0