Using pre-set license
Built from '2022.3/staging' branch; Version is '2022.3.19f1 (244b723c30a6) revision 2378610'; Using compiler version '192829333'; Build Type 'Release'
OS: 'Windows 11  (10.0.22631) 64bit Core' Language: 'fr' Physical Memory: 32600 MB
BatchMode: 1, IsHumanControllingUs: 0, StartBugReporterOnCrash: 0, Is64bit: 1, IsPro: 1

COMMAND LINE ARGUMENTS:
C:\Program Files\Unity\Hub\Editor\2022.3.19f1\Editor\Unity.exe
-adb2
-batchMode
-noUpm
-name
AssetImportWorker2
-projectPath
C:/Users/katan/Desktop/Brassart_portable/Moteur de jeu/Lion_Alexis_Nature_Morte
-logFile
Logs/AssetImportWorker2.log
-srvPort
52747
Successfully changed project path to: C:/Users/katan/Desktop/Brassart_portable/Moteur de jeu/Lion_Alexis_Nature_Morte
C:/Users/katan/Desktop/Brassart_portable/Moteur de jeu/Lion_Alexis_Nature_Morte
[UnityMemory] Configuration Parameters - Can be set up in boot.config
    "memorysetup-bucket-allocator-granularity=16"
    "memorysetup-bucket-allocator-bucket-count=8"
    "memorysetup-bucket-allocator-block-size=33554432"
    "memorysetup-bucket-allocator-block-count=8"
    "memorysetup-main-allocator-block-size=16777216"
    "memorysetup-thread-allocator-block-size=16777216"
    "memorysetup-gfx-main-allocator-block-size=16777216"
    "memorysetup-gfx-thread-allocator-block-size=16777216"
    "memorysetup-cache-allocator-block-size=4194304"
    "memorysetup-typetree-allocator-block-size=2097152"
    "memorysetup-profiler-bucket-allocator-granularity=16"
    "memorysetup-profiler-bucket-allocator-bucket-count=8"
    "memorysetup-profiler-bucket-allocator-block-size=33554432"
    "memorysetup-profiler-bucket-allocator-block-count=8"
    "memorysetup-profiler-allocator-block-size=16777216"
    "memorysetup-profiler-editor-allocator-block-size=1048576"
    "memorysetup-temp-allocator-size-main=16777216"
    "memorysetup-job-temp-allocator-block-size=2097152"
    "memorysetup-job-temp-allocator-block-size-background=1048576"
    "memorysetup-job-temp-allocator-reduction-small-platforms=262144"
    "memorysetup-allocator-temp-initial-block-size-main=262144"
    "memorysetup-allocator-temp-initial-block-size-worker=262144"
    "memorysetup-temp-allocator-size-background-worker=32768"
    "memorysetup-temp-allocator-size-job-worker=262144"
    "memorysetup-temp-allocator-size-preload-manager=33554432"
    "memorysetup-temp-allocator-size-nav-mesh-worker=65536"
    "memorysetup-temp-allocator-size-audio-worker=65536"
    "memorysetup-temp-allocator-size-cloud-worker=32768"
    "memorysetup-temp-allocator-size-gi-baking-worker=262144"
    "memorysetup-temp-allocator-size-gfx=262144"
Player connection [13468] Host "[IP] 10.125.149.120 [Port] 0 [Flags] 2 [Guid] 2622920672 [EditorId] 2622920672 [Version] 1048832 [Id] WindowsEditor(7,RaionChi_PC) [Debug] 1 [PackageName] WindowsEditor [ProjectName] Editor" joined multi-casting on [225.0.0.222:54997]...

Player connection [13468] Host "[IP] 10.125.149.120 [Port] 0 [Flags] 2 [Guid] 2622920672 [EditorId] 2622920672 [Version] 1048832 [Id] WindowsEditor(7,RaionChi_PC) [Debug] 1 [PackageName] WindowsEditor [ProjectName] Editor" joined alternative multi-casting on [225.0.0.222:34997]...

[Physics::Module] Initialized MultithreadedJobDispatcher with 15 workers.
Refreshing native plugins compatible for Editor in 8.65 ms, found 3 plugins.
Preloading 0 native plugins for Editor in 0.00 ms.
Initialize engine version: 2022.3.19f1 (244b723c30a6)
[Subsystems] Discovering subsystems at path C:/Program Files/Unity/Hub/Editor/2022.3.19f1/Editor/Data/Resources/UnitySubsystems
[Subsystems] Discovering subsystems at path C:/Users/katan/Desktop/Brassart_portable/Moteur de jeu/Lion_Alexis_Nature_Morte/Assets
GfxDevice: creating device client; threaded=0; jobified=0
Direct3D:
    Version:  Direct3D 11.0 [level 11.1]
    Renderer: NVIDIA GeForce RTX 2070 Super (ID=0x1e91)
    Vendor:   NVIDIA
    VRAM:     7989 MB
    Driver:   31.0.15.5123
Initialize mono
Mono path[0] = 'C:/Program Files/Unity/Hub/Editor/2022.3.19f1/Editor/Data/Managed'
Mono path[1] = 'C:/Program Files/Unity/Hub/Editor/2022.3.19f1/Editor/Data/MonoBleedingEdge/lib/mono/unityjit-win32'
Mono config path = 'C:/Program Files/Unity/Hub/Editor/2022.3.19f1/Editor/Data/MonoBleedingEdge/etc'
Using monoOptions --debugger-agent=transport=dt_socket,embedding=1,server=y,suspend=n,address=127.0.0.1:56120
Begin MonoManager ReloadAssembly
Registering precompiled unity dll's ...
Register platform support module: C:/Program Files/Unity/Hub/Editor/2022.3.19f1/Editor/Data/PlaybackEngines/WebGLSupport/UnityEditor.WebGL.Extensions.dll
Register platform support module: C:/Program Files/Unity/Hub/Editor/2022.3.19f1/Editor/Data/PlaybackEngines/WindowsStandaloneSupport/UnityEditor.WindowsStandalone.Extensions.dll
Registered in 0.009502 seconds.
- Loaded All Assemblies, in  0.495 seconds
Native extension for WindowsStandalone target not found
Native extension for WebGL target not found
Mono: successfully reloaded assembly
- Finished resetting the current domain, in  0.272 seconds
Domain Reload Profiling: 764ms
	BeginReloadAssembly (177ms)
		ExecutionOrderSort (0ms)
		DisableScriptedObjects (0ms)
		BackupInstance (0ms)
		ReleaseScriptingObjects (0ms)
		CreateAndSetChildDomain (1ms)
	RebuildCommonClasses (48ms)
	RebuildNativeTypeToScriptingClass (18ms)
	initialDomainReloadingComplete (80ms)
	LoadAllAssembliesAndSetupDomain (169ms)
		LoadAssemblies (174ms)
		RebuildTransferFunctionScriptingTraits (0ms)
		AnalyzeDomain (166ms)
			TypeCache.Refresh (165ms)
				TypeCache.ScanAssembly (148ms)
			ScanForSourceGeneratedMonoScriptInfo (0ms)
			ResolveRequiredComponents (1ms)
	FinalizeReload (272ms)
		ReleaseScriptCaches (0ms)
		RebuildScriptCaches (0ms)
		SetupLoadedEditorAssemblies (215ms)
			LogAssemblyErrors (0ms)
			InitializePlatformSupportModulesInManaged (10ms)
			SetLoadedEditorAssemblies (5ms)
			RefreshPlugins (0ms)
			BeforeProcessingInitializeOnLoad (2ms)
			ProcessInitializeOnLoadAttributes (155ms)
			ProcessInitializeOnLoadMethodAttributes (44ms)
			AfterProcessingInitializeOnLoad (0ms)
			EditorAssembliesLoaded (0ms)
		ExecutionOrderSort2 (0ms)
		AwakeInstancesAfterBackupRestoration (0ms)
========================================================================
Worker process is ready to serve import requests
Begin MonoManager ReloadAssembly
- Loaded All Assemblies, in  0.662 seconds
Refreshing native plugins compatible for Editor in 3.15 ms, found 3 plugins.
Native extension for WindowsStandalone target not found
Native extension for WebGL target not found
Package Manager log level set to [2]
[Package Manager] Server::EnsureServerProcessIsRunning -- launch failed, reason: Unity was launched with the -noUpm command-line argument
[Package Manager] UpmClient::Send -- Unable to send message (not connected to UPM process).
[Package Manager] Cannot connect to Unity Package Manager local server
Mono: successfully reloaded assembly
- Finished resetting the current domain, in  0.526 seconds
Domain Reload Profiling: 1186ms
	BeginReloadAssembly (137ms)
		ExecutionOrderSort (0ms)
		DisableScriptedObjects (5ms)
		BackupInstance (0ms)
		ReleaseScriptingObjects (0ms)
		CreateAndSetChildDomain (18ms)
	RebuildCommonClasses (31ms)
	RebuildNativeTypeToScriptingClass (12ms)
	initialDomainReloadingComplete (39ms)
	LoadAllAssembliesAndSetupDomain (440ms)
		LoadAssemblies (316ms)
		RebuildTransferFunctionScriptingTraits (0ms)
		AnalyzeDomain (202ms)
			TypeCache.Refresh (177ms)
				TypeCache.ScanAssembly (161ms)
			ScanForSourceGeneratedMonoScriptInfo (19ms)
			ResolveRequiredComponents (6ms)
	FinalizeReload (526ms)
		ReleaseScriptCaches (0ms)
		RebuildScriptCaches (0ms)
		SetupLoadedEditorAssemblies (383ms)
			LogAssemblyErrors (0ms)
			InitializePlatformSupportModulesInManaged (7ms)
			SetLoadedEditorAssemblies (4ms)
			RefreshPlugins (0ms)
			BeforeProcessingInitializeOnLoad (57ms)
			ProcessInitializeOnLoadAttributes (291ms)
			ProcessInitializeOnLoadMethodAttributes (18ms)
			AfterProcessingInitializeOnLoad (6ms)
			EditorAssembliesLoaded (0ms)
		ExecutionOrderSort2 (0ms)
		AwakeInstancesAfterBackupRestoration (6ms)
Launched and connected shader compiler UnityShaderCompiler.exe after 0.03 seconds
Refreshing native plugins compatible for Editor in 5.60 ms, found 3 plugins.
Preloading 0 native plugins for Editor in 0.00 ms.
Unloading 3083 Unused Serialized files (Serialized files now loaded: 0)
Unloading 32 unused Assets / (57.3 KB). Loaded Objects now: 3544.
Memory consumption went from 122.7 MB to 122.6 MB.
Total: 3.341600 ms (FindLiveObjects: 0.239700 ms CreateObjectMapping: 0.269200 ms MarkObjects: 2.726700 ms  DeleteObjects: 0.105200 ms)

AssetImportParameters requested are different than current active one (requested -> active):
  custom:container-demuxer-ogg: 62fdf1f143b41e24485cea50d1cbac27 -> 
  custom:video-codec-MediaFoundation-h265: 746d11721c4dcdbdad8f713fa42b33f4 -> 
  custom:video-decoder-ogg-theora: a1e56fd34408186e4bbccfd4996cb3dc -> 
  custom:framework-win-MediaFoundation: 216162199b28c13a410421893ffa2e32 -> 
  custom:CustomObjectIndexerAttribute: 6d391050e5a25f67b0a2c618074f2cd9 -> 
  custom:container-demuxer-webm: 4f35f7cbe854078d1ac9338744f61a02 -> 
  custom:container-muxer-webm: aa71ff27fc2769a1b78a27578f13a17b -> 
  custom:video-decoder-webm-vp8: 9c59270c3fd7afecdb556c50c9e8de78 -> 
  custom:SearchIndexIgnoredProperties: e643bd26f0fe6173181afceb89e7c659 -> 
  custom:AudioImporter_EditorPlatform: d09bf68614088b80899f8185d706f6e7 -> 
  custom:video-encoder-webm-vp8: eb34c28f22e8b96e1ab97ce403110664 -> 
  custom:audio-decoder-ogg-vorbis: bf7c407c2cedff20999df2af8eb42d56 -> 
  custom:audio-encoder-webm-vorbis: bf7c407c2cedff20999df2af8eb42d56 -> 
========================================================================
Received Import Request.
  Time since last request: 457273.742498 seconds.
  path: Assets/assets/Materials
  artifactKey: Guid(e7c6eff47534a574a978f85e7c4b35d3) Importer(815301076,1909f56bfc062723c751e8b465ee728b)
Start importing Assets/assets/Materials using Guid(e7c6eff47534a574a978f85e7c4b35d3) Importer(815301076,1909f56bfc062723c751e8b465ee728b)  -> (artifact id: '740c087caa2d922a3d52b23674165b21') in 0.002685 seconds
Number of updated asset objects reloaded before import = 0
Number of asset objects unloaded after import = 0
========================================================================
Received Import Request.
  Time since last request: 44.481179 seconds.
  path: Assets/assets/Devoir Rendu GD3/Materials
  artifactKey: Guid(e316233abd81cbe42812991b89eaf7cc) Importer(815301076,1909f56bfc062723c751e8b465ee728b)
Start importing Assets/assets/Devoir Rendu GD3/Materials using Guid(e316233abd81cbe42812991b89eaf7cc) Importer(815301076,1909f56bfc062723c751e8b465ee728b)  -> (artifact id: '645835b22cb2f0736d3007f8c6520b1c') in 0.000549 seconds
Number of updated asset objects reloaded before import = 0
Number of asset objects unloaded after import = 0
========================================================================
Received Import Request.
  Time since last request: 6.025584 seconds.
  path: Assets/assets/Devoir Rendu GD3/Models
  artifactKey: Guid(6a0887b8a4175fb4ab544c40f8d2ba1d) Importer(815301076,1909f56bfc062723c751e8b465ee728b)
Start importing Assets/assets/Devoir Rendu GD3/Models using Guid(6a0887b8a4175fb4ab544c40f8d2ba1d) Importer(815301076,1909f56bfc062723c751e8b465ee728b)  -> (artifact id: 'a6bc0ca75c10ead52b6b9c9b80dfb14c') in 0.000510 seconds
Number of updated asset objects reloaded before import = 0
Number of asset objects unloaded after import = 0
========================================================================
Received Import Request.
  Time since last request: 45.033646 seconds.
  path: Assets/assets/Devoir Rendu GD3/Materials/Concrete.mat
  artifactKey: Guid(d8f4a1d1116d0e34bbd1eae784f35e01) Importer(815301076,1909f56bfc062723c751e8b465ee728b)
Start importing Assets/assets/Devoir Rendu GD3/Materials/Concrete.mat using Guid(d8f4a1d1116d0e34bbd1eae784f35e01) Importer(815301076,1909f56bfc062723c751e8b465ee728b)  -> (artifact id: '9140ae6707ff4aea2a4b5f7482806fe6') in 0.115474 seconds
Number of updated asset objects reloaded before import = 0
Number of asset objects unloaded after import = 1
========================================================================
Received Import Request.
  Time since last request: 51.591464 seconds.
  path: Assets/assets/Devoir Rendu GD3/Materials/Concrete_1_Normal.png
  artifactKey: Guid(bedcdc37f8449bc45939faaacadefd09) Importer(815301076,1909f56bfc062723c751e8b465ee728b)
Start importing Assets/assets/Devoir Rendu GD3/Materials/Concrete_1_Normal.png using Guid(bedcdc37f8449bc45939faaacadefd09) Importer(815301076,1909f56bfc062723c751e8b465ee728b)  -> (artifact id: '1affb3e7b2d7390a453071492836f86f') in 0.034592 seconds
Number of updated asset objects reloaded before import = 0
Number of asset objects unloaded after import = 2
========================================================================
Received Import Request.
  Time since last request: 22.019757 seconds.
  path: Assets/assets/Devoir Rendu GD3/Materials/Kettle.mat
  artifactKey: Guid(f4fbd87f705624c40a4ccd59e3efff25) Importer(815301076,1909f56bfc062723c751e8b465ee728b)
Start importing Assets/assets/Devoir Rendu GD3/Materials/Kettle.mat using Guid(f4fbd87f705624c40a4ccd59e3efff25) Importer(815301076,1909f56bfc062723c751e8b465ee728b)  -> (artifact id: '56f127ad89f87ae51c1a87d9cf2651bd') in 0.014897 seconds
Number of updated asset objects reloaded before import = 0
Number of asset objects unloaded after import = 1
========================================================================
Received Import Request.
  Time since last request: 63.236740 seconds.
  path: Assets/assets/Devoir Rendu GD3/Materials/Material.mat
  artifactKey: Guid(7488cd8fa80a1ce4bb1b6ac37107c89a) Importer(815301076,1909f56bfc062723c751e8b465ee728b)
Start importing Assets/assets/Devoir Rendu GD3/Materials/Material.mat using Guid(7488cd8fa80a1ce4bb1b6ac37107c89a) Importer(815301076,1909f56bfc062723c751e8b465ee728b)  -> (artifact id: 'c86a522894c68aa7862b3d5fe30ccc44') in 0.015899 seconds
Number of updated asset objects reloaded before import = 0
Number of asset objects unloaded after import = 1
========================================================================
Received Import Request.
  Time since last request: 25.677521 seconds.
  path: Assets/assets/Devoir Rendu GD3/Materials/metal.mat
  artifactKey: Guid(7488cd8fa80a1ce4bb1b6ac37107c89a) Importer(815301076,1909f56bfc062723c751e8b465ee728b)
Start importing Assets/assets/Devoir Rendu GD3/Materials/metal.mat using Guid(7488cd8fa80a1ce4bb1b6ac37107c89a) Importer(815301076,1909f56bfc062723c751e8b465ee728b)  -> (artifact id: 'f32b045493cd92b737404c78114c4f4f') in 0.238025 seconds
Number of updated asset objects reloaded before import = 0
Number of asset objects unloaded after import = 4
========================================================================
Received Import Request.
  Time since last request: 19.438717 seconds.
  path: Assets/assets/Devoir Rendu GD3/Materials/M_Mug.mat
  artifactKey: Guid(c79ccecd93447c740bad8688e37b49d1) Importer(815301076,1909f56bfc062723c751e8b465ee728b)
Start importing Assets/assets/Devoir Rendu GD3/Materials/M_Mug.mat using Guid(c79ccecd93447c740bad8688e37b49d1) Importer(815301076,1909f56bfc062723c751e8b465ee728b)  -> (artifact id: 'b12c8ade9634b16fa2abecf3e73f666f') in 0.011539 seconds
Number of updated asset objects reloaded before import = 0
Number of asset objects unloaded after import = 1
========================================================================
Received Import Request.
  Time since last request: 7.810850 seconds.
  path: Assets/assets/Devoir Rendu GD3/Materials/M_Kettle.mat
  artifactKey: Guid(f4fbd87f705624c40a4ccd59e3efff25) Importer(815301076,1909f56bfc062723c751e8b465ee728b)
Start importing Assets/assets/Devoir Rendu GD3/Materials/M_Kettle.mat using Guid(f4fbd87f705624c40a4ccd59e3efff25) Importer(815301076,1909f56bfc062723c751e8b465ee728b)  -> (artifact id: '773ea4fd570dabf19c2a010f75b59d40') in 0.011520 seconds
Number of updated asset objects reloaded before import = 0
Number of asset objects unloaded after import = 1
========================================================================
Received Import Request.
  Time since last request: 8.225889 seconds.
  path: Assets/assets/Devoir Rendu GD3/Materials/M_Concrete.mat
  artifactKey: Guid(d8f4a1d1116d0e34bbd1eae784f35e01) Importer(815301076,1909f56bfc062723c751e8b465ee728b)
Start importing Assets/assets/Devoir Rendu GD3/Materials/M_Concrete.mat using Guid(d8f4a1d1116d0e34bbd1eae784f35e01) Importer(815301076,1909f56bfc062723c751e8b465ee728b)  -> (artifact id: 'f7d1cc0396a5e38ed9b4864ac4e8e45f') in 0.205574 seconds
Number of updated asset objects reloaded before import = 0
Number of asset objects unloaded after import = 4
========================================================================
Received Import Request.
  Time since last request: 47.072456 seconds.
  path: Assets/assets/Devoir Rendu GD3/Materials/M_Mug.mat
  artifactKey: Guid(c79ccecd93447c740bad8688e37b49d1) Importer(815301076,1909f56bfc062723c751e8b465ee728b)
Start importing Assets/assets/Devoir Rendu GD3/Materials/M_Mug.mat using Guid(c79ccecd93447c740bad8688e37b49d1) Importer(815301076,1909f56bfc062723c751e8b465ee728b)  -> (artifact id: '34733a40ffdb1fcdd8382b532fba6394') in 0.014316 seconds
Number of updated asset objects reloaded before import = 0
Number of asset objects unloaded after import = 4
========================================================================
Received Import Request.
  Time since last request: 7.377417 seconds.
  path: Assets/assets/Devoir Rendu GD3/Materials/M_Mug.mat
  artifactKey: Guid(c79ccecd93447c740bad8688e37b49d1) Importer(815301076,1909f56bfc062723c751e8b465ee728b)
Start importing Assets/assets/Devoir Rendu GD3/Materials/M_Mug.mat using Guid(c79ccecd93447c740bad8688e37b49d1) Importer(815301076,1909f56bfc062723c751e8b465ee728b)  -> (artifact id: 'dfc6408528bfa8bde111fce889db0df8') in 0.018533 seconds
Number of updated asset objects reloaded before import = 0
Number of asset objects unloaded after import = 4
