Using pre-set license
Built from '2022.3/staging' branch; Version is '2022.3.10f1 (ff3792e53c62) revision 16725906'; Using compiler version '192829333'; Build Type 'Release'
OS: 'Windows 10  (10.0.19045) 64bit Core' Language: 'fr' Physical Memory: 16346 MB
BatchMode: 1, IsHumanControllingUs: 0, StartBugReporterOnCrash: 0, Is64bit: 1, IsPro: 1

COMMAND LINE ARGUMENTS:
A:\Program Files\Unity Hub\unity\2022.3.10f1\Editor\Unity.exe
-adb2
-batchMode
-noUpm
-name
AssetImportWorker4
-projectPath
C:/Users/katan/Documents/GitHub/Unity_Lion_Alexis_GD3_Materials/Lion_Alexis_Nature_Morte
-logFile
Logs/AssetImportWorker4.log
-srvPort
63138
Successfully changed project path to: C:/Users/katan/Documents/GitHub/Unity_Lion_Alexis_GD3_Materials/Lion_Alexis_Nature_Morte
C:/Users/katan/Documents/GitHub/Unity_Lion_Alexis_GD3_Materials/Lion_Alexis_Nature_Morte
[UnityMemory] Configuration Parameters - Can be set up in boot.config
    "memorysetup-bucket-allocator-granularity=16"
    "memorysetup-bucket-allocator-bucket-count=8"
    "memorysetup-bucket-allocator-block-size=33554432"
    "memorysetup-bucket-allocator-block-count=8"
    "memorysetup-main-allocator-block-size=16777216"
    "memorysetup-thread-allocator-block-size=16777216"
    "memorysetup-gfx-main-allocator-block-size=16777216"
    "memorysetup-gfx-thread-allocator-block-size=16777216"
    "memorysetup-cache-allocator-block-size=4194304"
    "memorysetup-typetree-allocator-block-size=2097152"
    "memorysetup-profiler-bucket-allocator-granularity=16"
    "memorysetup-profiler-bucket-allocator-bucket-count=8"
    "memorysetup-profiler-bucket-allocator-block-size=33554432"
    "memorysetup-profiler-bucket-allocator-block-count=8"
    "memorysetup-profiler-allocator-block-size=16777216"
    "memorysetup-profiler-editor-allocator-block-size=1048576"
    "memorysetup-temp-allocator-size-main=16777216"
    "memorysetup-job-temp-allocator-block-size=2097152"
    "memorysetup-job-temp-allocator-block-size-background=1048576"
    "memorysetup-job-temp-allocator-reduction-small-platforms=262144"
    "memorysetup-allocator-temp-initial-block-size-main=262144"
    "memorysetup-allocator-temp-initial-block-size-worker=262144"
    "memorysetup-temp-allocator-size-background-worker=32768"
    "memorysetup-temp-allocator-size-job-worker=262144"
    "memorysetup-temp-allocator-size-preload-manager=33554432"
    "memorysetup-temp-allocator-size-nav-mesh-worker=65536"
    "memorysetup-temp-allocator-size-audio-worker=65536"
    "memorysetup-temp-allocator-size-cloud-worker=32768"
    "memorysetup-temp-allocator-size-gi-baking-worker=262144"
    "memorysetup-temp-allocator-size-gfx=262144"
Player connection [10620] Host "[IP] 192.168.1.10 [Port] 0 [Flags] 2 [Guid] 4098840589 [EditorId] 4098840589 [Version] 1048832 [Id] WindowsEditor(7,DESKTOP-UPCCEJ5) [Debug] 1 [PackageName] WindowsEditor [ProjectName] Editor" joined multi-casting on [225.0.0.222:54997]...

Player connection [10620] Host "[IP] 192.168.1.10 [Port] 0 [Flags] 2 [Guid] 4098840589 [EditorId] 4098840589 [Version] 1048832 [Id] WindowsEditor(7,DESKTOP-UPCCEJ5) [Debug] 1 [PackageName] WindowsEditor [ProjectName] Editor" joined alternative multi-casting on [225.0.0.222:34997]...

[Physics::Module] Initialized MultithreadedJobDispatcher with 7 workers.
Refreshing native plugins compatible for Editor in 15.77 ms, found 3 plugins.
Preloading 0 native plugins for Editor in 0.00 ms.
Initialize engine version: 2022.3.10f1 (ff3792e53c62)
[Subsystems] Discovering subsystems at path A:/Program Files/Unity Hub/unity/2022.3.10f1/Editor/Data/Resources/UnitySubsystems
[Subsystems] Discovering subsystems at path C:/Users/katan/Documents/GitHub/Unity_Lion_Alexis_GD3_Materials/Lion_Alexis_Nature_Morte/Assets
GfxDevice: creating device client; threaded=0; jobified=0
Direct3D:
    Version:  Direct3D 11.0 [level 11.1]
    Renderer: NVIDIA GeForce GTX 1080 (ID=0x1b80)
    Vendor:   NVIDIA
    VRAM:     8073 MB
    Driver:   31.0.15.4633
Initialize mono
Mono path[0] = 'A:/Program Files/Unity Hub/unity/2022.3.10f1/Editor/Data/Managed'
Mono path[1] = 'A:/Program Files/Unity Hub/unity/2022.3.10f1/Editor/Data/MonoBleedingEdge/lib/mono/unityjit-win32'
Mono config path = 'A:/Program Files/Unity Hub/unity/2022.3.10f1/Editor/Data/MonoBleedingEdge/etc'
Using monoOptions --debugger-agent=transport=dt_socket,embedding=1,server=y,suspend=n,address=127.0.0.1:56096
Begin MonoManager ReloadAssembly
Registering precompiled unity dll's ...
Register platform support module: A:/Program Files/Unity Hub/unity/2022.3.10f1/Editor/Data/PlaybackEngines/WindowsStandaloneSupport/UnityEditor.WindowsStandalone.Extensions.dll
Registered in 0.009970 seconds.
- Loaded All Assemblies, in  0.513 seconds
Native extension for WindowsStandalone target not found
Mono: successfully reloaded assembly
- Finished resetting the current domain, in  0.300 seconds
Domain Reload Profiling: 812ms
	BeginReloadAssembly (213ms)
		ExecutionOrderSort (0ms)
		DisableScriptedObjects (0ms)
		BackupInstance (0ms)
		ReleaseScriptingObjects (0ms)
		CreateAndSetChildDomain (1ms)
	RebuildCommonClasses (53ms)
	RebuildNativeTypeToScriptingClass (15ms)
	initialDomainReloadingComplete (72ms)
	LoadAllAssembliesAndSetupDomain (158ms)
		LoadAssemblies (212ms)
		RebuildTransferFunctionScriptingTraits (0ms)
		AnalyzeDomain (156ms)
			TypeCache.Refresh (153ms)
				TypeCache.ScanAssembly (137ms)
			ScanForSourceGeneratedMonoScriptInfo (1ms)
			ResolveRequiredComponents (1ms)
	FinalizeReload (300ms)
		ReleaseScriptCaches (0ms)
		RebuildScriptCaches (0ms)
		SetupLoadedEditorAssemblies (221ms)
			LogAssemblyErrors (0ms)
			InitializePlatformSupportModulesInManaged (9ms)
			SetLoadedEditorAssemblies (8ms)
			RefreshPlugins (0ms)
			BeforeProcessingInitializeOnLoad (3ms)
			ProcessInitializeOnLoadAttributes (150ms)
			ProcessInitializeOnLoadMethodAttributes (50ms)
			AfterProcessingInitializeOnLoad (0ms)
			EditorAssembliesLoaded (0ms)
		ExecutionOrderSort2 (0ms)
		AwakeInstancesAfterBackupRestoration (0ms)
========================================================================
Worker process is ready to serve import requests
Begin MonoManager ReloadAssembly
- Loaded All Assemblies, in  0.702 seconds
Refreshing native plugins compatible for Editor in 4.16 ms, found 3 plugins.
Native extension for WindowsStandalone target not found
Package Manager log level set to [2]
[Package Manager] Server::EnsureServerProcessIsRunning -- launch failed, reason: Unity was launched with the -noUpm command-line argument
[Package Manager] UpmClient::Send -- Unable to send message (not connected to UPM process).
[Package Manager] Cannot connect to Unity Package Manager local server
Mono: successfully reloaded assembly
- Finished resetting the current domain, in  0.801 seconds
Domain Reload Profiling: 1500ms
	BeginReloadAssembly (173ms)
		ExecutionOrderSort (0ms)
		DisableScriptedObjects (5ms)
		BackupInstance (0ms)
		ReleaseScriptingObjects (0ms)
		CreateAndSetChildDomain (22ms)
	RebuildCommonClasses (35ms)
	RebuildNativeTypeToScriptingClass (13ms)
	initialDomainReloadingComplete (47ms)
	LoadAllAssembliesAndSetupDomain (431ms)
		LoadAssemblies (350ms)
		RebuildTransferFunctionScriptingTraits (0ms)
		AnalyzeDomain (193ms)
			TypeCache.Refresh (174ms)
				TypeCache.ScanAssembly (157ms)
			ScanForSourceGeneratedMonoScriptInfo (14ms)
			ResolveRequiredComponents (4ms)
	FinalizeReload (801ms)
		ReleaseScriptCaches (0ms)
		RebuildScriptCaches (0ms)
		SetupLoadedEditorAssemblies (591ms)
			LogAssemblyErrors (0ms)
			InitializePlatformSupportModulesInManaged (7ms)
			SetLoadedEditorAssemblies (8ms)
			RefreshPlugins (0ms)
			BeforeProcessingInitializeOnLoad (92ms)
			ProcessInitializeOnLoadAttributes (455ms)
			ProcessInitializeOnLoadMethodAttributes (26ms)
			AfterProcessingInitializeOnLoad (3ms)
			EditorAssembliesLoaded (0ms)
		ExecutionOrderSort2 (0ms)
		AwakeInstancesAfterBackupRestoration (10ms)
Launched and connected shader compiler UnityShaderCompiler.exe after 0.07 seconds
Refreshing native plugins compatible for Editor in 4.86 ms, found 3 plugins.
Preloading 0 native plugins for Editor in 0.00 ms.
Unloading 3075 Unused Serialized files (Serialized files now loaded: 0)
Unloading 31 unused Assets / (56.3 KB). Loaded Objects now: 3537.
Memory consumption went from 114.2 MB to 114.2 MB.
Total: 3.353300 ms (FindLiveObjects: 0.346100 ms CreateObjectMapping: 0.297000 ms MarkObjects: 2.427800 ms  DeleteObjects: 0.278500 ms)

AssetImportParameters requested are different than current active one (requested -> active):
  custom:container-demuxer-ogg: 62fdf1f143b41e24485cea50d1cbac27 -> 
  custom:video-decoder-ogg-theora: a1e56fd34408186e4bbccfd4996cb3dc -> 
  custom:framework-win-MediaFoundation: 216162199b28c13a410421893ffa2e32 -> 
  custom:CustomObjectIndexerAttribute: 756ad292c208cfabdd7b50bc23989ffe -> 
  custom:container-demuxer-webm: 4f35f7cbe854078d1ac9338744f61a02 -> 
  custom:container-muxer-webm: aa71ff27fc2769a1b78a27578f13a17b -> 
  custom:video-decoder-webm-vp8: 9c59270c3fd7afecdb556c50c9e8de78 -> 
  custom:SearchIndexIgnoredProperties: e643bd26f0fe6173181afceb89e7c659 -> 
  custom:AudioImporter_EditorPlatform: d09bf68614088b80899f8185d706f6e7 -> 
  custom:video-encoder-webm-vp8: eb34c28f22e8b96e1ab97ce403110664 -> 
  custom:audio-decoder-ogg-vorbis: bf7c407c2cedff20999df2af8eb42d56 -> 
  custom:audio-encoder-webm-vorbis: bf7c407c2cedff20999df2af8eb42d56 -> 
========================================================================
Received Import Request.
  Time since last request: 215766.737461 seconds.
  path: Assets/assets/exo materials/Materials/Concrete
  artifactKey: Guid(f663a8ad037e6e6459ffb9dd1b3adef4) Importer(815301076,1909f56bfc062723c751e8b465ee728b)
Start importing Assets/assets/exo materials/Materials/Concrete using Guid(f663a8ad037e6e6459ffb9dd1b3adef4) Importer(815301076,1909f56bfc062723c751e8b465ee728b)  -> (artifact id: '6204e5c9bf8fb212e69a042b50f0460f') in 0.002788 seconds
Number of updated asset objects reloaded before import = 0
Number of asset objects unloaded after import = 0
========================================================================
Received Import Request.
  Time since last request: 1.695317 seconds.
  path: Assets/assets/exo materials/Materials/Concrete 1
  artifactKey: Guid(b2641740f65cdf74190085b6e801df4f) Importer(815301076,1909f56bfc062723c751e8b465ee728b)
Start importing Assets/assets/exo materials/Materials/Concrete 1 using Guid(b2641740f65cdf74190085b6e801df4f) Importer(815301076,1909f56bfc062723c751e8b465ee728b)  -> (artifact id: '72d71d76776aa70ea507cfa9d3bdc3b8') in 0.000513 seconds
Number of updated asset objects reloaded before import = 0
Number of asset objects unloaded after import = 0
========================================================================
Received Import Request.
  Time since last request: 5.349960 seconds.
  path: Assets/assets/exo materials/Materials/kettle
  artifactKey: Guid(b2641740f65cdf74190085b6e801df4f) Importer(815301076,1909f56bfc062723c751e8b465ee728b)
Start importing Assets/assets/exo materials/Materials/kettle using Guid(b2641740f65cdf74190085b6e801df4f) Importer(815301076,1909f56bfc062723c751e8b465ee728b)  -> (artifact id: '73f1ad33a255315ca2b85c9a84c593aa') in 0.000472 seconds
Number of updated asset objects reloaded before import = 0
Number of asset objects unloaded after import = 0
========================================================================
Received Import Request.
  Time since last request: 1.629224 seconds.
  path: Assets/assets/exo materials/Materials/kettle 1
  artifactKey: Guid(df2094ba82c661f49a024abe21784ce3) Importer(815301076,1909f56bfc062723c751e8b465ee728b)
Start importing Assets/assets/exo materials/Materials/kettle 1 using Guid(df2094ba82c661f49a024abe21784ce3) Importer(815301076,1909f56bfc062723c751e8b465ee728b)  -> (artifact id: '8a3d9081e5596d8e749e4d8761853830') in 0.000469 seconds
Number of updated asset objects reloaded before import = 0
Number of asset objects unloaded after import = 0
========================================================================
Received Import Request.
  Time since last request: 10.847202 seconds.
  path: Assets/assets/exo materials/Materials/metal
  artifactKey: Guid(df2094ba82c661f49a024abe21784ce3) Importer(815301076,1909f56bfc062723c751e8b465ee728b)
Start importing Assets/assets/exo materials/Materials/metal using Guid(df2094ba82c661f49a024abe21784ce3) Importer(815301076,1909f56bfc062723c751e8b465ee728b)  -> (artifact id: '9334a401a19d7cf59294e595628d351f') in 0.000587 seconds
Number of updated asset objects reloaded before import = 0
Number of asset objects unloaded after import = 0
========================================================================
Received Import Request.
  Time since last request: 1.548761 seconds.
  path: Assets/assets/exo materials/Materials/kettle 1
  artifactKey: Guid(a3fec2c189521874a8a2b6658e19d3d7) Importer(815301076,1909f56bfc062723c751e8b465ee728b)
Start importing Assets/assets/exo materials/Materials/kettle 1 using Guid(a3fec2c189521874a8a2b6658e19d3d7) Importer(815301076,1909f56bfc062723c751e8b465ee728b)  -> (artifact id: '681e1b38e148541f74fdab0423fa5682') in 0.000460 seconds
Number of updated asset objects reloaded before import = 0
Number of asset objects unloaded after import = 0
========================================================================
Received Import Request.
  Time since last request: 7.487279 seconds.
  path: Assets/assets/exo materials/Materials/mug
  artifactKey: Guid(a3fec2c189521874a8a2b6658e19d3d7) Importer(815301076,1909f56bfc062723c751e8b465ee728b)
Start importing Assets/assets/exo materials/Materials/mug using Guid(a3fec2c189521874a8a2b6658e19d3d7) Importer(815301076,1909f56bfc062723c751e8b465ee728b)  -> (artifact id: 'e2be13f87a3e5768f55c6564cebc11e6') in 0.000499 seconds
Number of updated asset objects reloaded before import = 0
Number of asset objects unloaded after import = 0
========================================================================
Received Import Request.
  Time since last request: 1.243849 seconds.
  path: Assets/assets/exo materials/Materials/kettle 1
  artifactKey: Guid(0fd20ea948a7ff047951cf5b3e5a8a18) Importer(815301076,1909f56bfc062723c751e8b465ee728b)
Start importing Assets/assets/exo materials/Materials/kettle 1 using Guid(0fd20ea948a7ff047951cf5b3e5a8a18) Importer(815301076,1909f56bfc062723c751e8b465ee728b)  -> (artifact id: 'fda7ff2bb71709de33fdc5cb848a6e3a') in 0.000543 seconds
Number of updated asset objects reloaded before import = 0
Number of asset objects unloaded after import = 0
========================================================================
Received Import Request.
  Time since last request: 4.650735 seconds.
  path: Assets/assets/exo materials/Materials/pavement
  artifactKey: Guid(0fd20ea948a7ff047951cf5b3e5a8a18) Importer(815301076,1909f56bfc062723c751e8b465ee728b)
Start importing Assets/assets/exo materials/Materials/pavement using Guid(0fd20ea948a7ff047951cf5b3e5a8a18) Importer(815301076,1909f56bfc062723c751e8b465ee728b)  -> (artifact id: '97b4b6e7cae2f280058df05e65c8d587') in 0.000501 seconds
Number of updated asset objects reloaded before import = 0
Number of asset objects unloaded after import = 0
========================================================================
Received Import Request.
  Time since last request: 1.351379 seconds.
  path: Assets/assets/exo materials/Materials/kettle 1
  artifactKey: Guid(8938c7d53166fb6458d39823c074f760) Importer(815301076,1909f56bfc062723c751e8b465ee728b)
Start importing Assets/assets/exo materials/Materials/kettle 1 using Guid(8938c7d53166fb6458d39823c074f760) Importer(815301076,1909f56bfc062723c751e8b465ee728b)  -> (artifact id: '6275aefd1ec5fe340e28a9020f150ab7') in 0.000440 seconds
Number of updated asset objects reloaded before import = 0
Number of asset objects unloaded after import = 0
========================================================================
Received Import Request.
  Time since last request: 5.115379 seconds.
  path: Assets/assets/exo materials/Materials/plant
  artifactKey: Guid(8938c7d53166fb6458d39823c074f760) Importer(815301076,1909f56bfc062723c751e8b465ee728b)
Start importing Assets/assets/exo materials/Materials/plant using Guid(8938c7d53166fb6458d39823c074f760) Importer(815301076,1909f56bfc062723c751e8b465ee728b)  -> (artifact id: 'e03c740cd211da89b4d2e67b36e13998') in 0.000508 seconds
Number of updated asset objects reloaded before import = 0
Number of asset objects unloaded after import = 0
========================================================================
Received Import Request.
  Time since last request: 0.932086 seconds.
  path: Assets/assets/exo materials/Materials/kettle 1
  artifactKey: Guid(bd0e83cd26674964d842123b0242da3e) Importer(815301076,1909f56bfc062723c751e8b465ee728b)
Start importing Assets/assets/exo materials/Materials/kettle 1 using Guid(bd0e83cd26674964d842123b0242da3e) Importer(815301076,1909f56bfc062723c751e8b465ee728b)  -> (artifact id: '06bc0e713597a3a02485d707449fc5ab') in 0.000469 seconds
Number of updated asset objects reloaded before import = 0
Number of asset objects unloaded after import = 0
========================================================================
Received Import Request.
  Time since last request: 3.052255 seconds.
  path: Assets/assets/exo materials/Materials/table
  artifactKey: Guid(bd0e83cd26674964d842123b0242da3e) Importer(815301076,1909f56bfc062723c751e8b465ee728b)
Start importing Assets/assets/exo materials/Materials/table using Guid(bd0e83cd26674964d842123b0242da3e) Importer(815301076,1909f56bfc062723c751e8b465ee728b)  -> (artifact id: 'c5647c3e12af2827ea80a47f825e6c28') in 0.000689 seconds
Number of updated asset objects reloaded before import = 0
Number of asset objects unloaded after import = 0
========================================================================
Received Import Request.
  Time since last request: 51.412188 seconds.
  path: Assets/assets/exo materials/Materials/Plastic
  artifactKey: Guid(dbe6c275c7bea80428e815b0091beace) Importer(815301076,1909f56bfc062723c751e8b465ee728b)
Start importing Assets/assets/exo materials/Materials/Plastic using Guid(dbe6c275c7bea80428e815b0091beace) Importer(815301076,1909f56bfc062723c751e8b465ee728b)  -> (artifact id: 'bf284dd37488b8e3b909ad3862e993f2') in 0.000473 seconds
Number of updated asset objects reloaded before import = 0
Number of asset objects unloaded after import = 0
========================================================================
Received Import Request.
  Time since last request: 11.907895 seconds.
  path: Assets/assets/exo materials/Materials/table/vl0jbem_4K_Normal_LOD1.jpg
  artifactKey: Guid(2bdc4e2611ec87a44ac85d300a35ecb1) Importer(815301076,1909f56bfc062723c751e8b465ee728b)
Start importing Assets/assets/exo materials/Materials/table/vl0jbem_4K_Normal_LOD1.jpg using Guid(2bdc4e2611ec87a44ac85d300a35ecb1) Importer(815301076,1909f56bfc062723c751e8b465ee728b)  -> (artifact id: '778b999bcd884cedfe746b47ecdd1596') in 0.083448 seconds
Number of updated asset objects reloaded before import = 0
Number of asset objects unloaded after import = 2
========================================================================
Received Import Request.
  Time since last request: 9.457795 seconds.
  path: Assets/assets/exo materials/Materials/table/vl0jbem_4K_Albedo.jpg
  artifactKey: Guid(5003eeea03c5ca54385749d52702eb30) Importer(815301076,1909f56bfc062723c751e8b465ee728b)
Start importing Assets/assets/exo materials/Materials/table/vl0jbem_4K_Albedo.jpg using Guid(5003eeea03c5ca54385749d52702eb30) Importer(815301076,1909f56bfc062723c751e8b465ee728b)  -> (artifact id: 'a0d56a43c57d33760c61d7f75fb02630') in 0.023051 seconds
Number of updated asset objects reloaded before import = 0
Number of asset objects unloaded after import = 2
========================================================================
Received Import Request.
  Time since last request: 6.129946 seconds.
  path: Assets/assets/exo materials/Materials/table/vl0jbem_4K_Displacement.jpg
  artifactKey: Guid(551758d63893bea4b959613e285316b1) Importer(815301076,1909f56bfc062723c751e8b465ee728b)
Start importing Assets/assets/exo materials/Materials/table/vl0jbem_4K_Displacement.jpg using Guid(551758d63893bea4b959613e285316b1) Importer(815301076,1909f56bfc062723c751e8b465ee728b)  -> (artifact id: '15730d10616d03207d0477f5dbc4f361') in 0.018372 seconds
Number of updated asset objects reloaded before import = 0
Number of asset objects unloaded after import = 2
========================================================================
Received Import Request.
  Time since last request: 6.500874 seconds.
  path: Assets/assets/exo materials/Materials/table/vl0jbem_4K_Roughness.jpg
  artifactKey: Guid(a779df5f306e943439af159d5d84da8f) Importer(815301076,1909f56bfc062723c751e8b465ee728b)
Start importing Assets/assets/exo materials/Materials/table/vl0jbem_4K_Roughness.jpg using Guid(a779df5f306e943439af159d5d84da8f) Importer(815301076,1909f56bfc062723c751e8b465ee728b)  -> (artifact id: 'dc257f80740d7a4381a8fd8ce6546a62') in 0.021926 seconds
Number of updated asset objects reloaded before import = 0
Number of asset objects unloaded after import = 2
========================================================================
Received Import Request.
  Time since last request: 13.645734 seconds.
  path: Assets/assets/exo materials/Materials/table/M_table.mat
  artifactKey: Guid(584d379cbfbca7145960ad4955d7f64b) Importer(815301076,1909f56bfc062723c751e8b465ee728b)
Start importing Assets/assets/exo materials/Materials/table/M_table.mat using Guid(584d379cbfbca7145960ad4955d7f64b) Importer(815301076,1909f56bfc062723c751e8b465ee728b)  -> (artifact id: '992dacd202b932cd1e8abb3477e7116a') in 0.079049 seconds
Number of updated asset objects reloaded before import = 0
Number of asset objects unloaded after import = 1
========================================================================
Received Import Request.
  Time since last request: 714.605014 seconds.
  path: Assets/assets/exo materials/Models/table_LOD1.fbx
  artifactKey: Guid(732775891c381fd42a0d1741538ab426) Importer(815301076,1909f56bfc062723c751e8b465ee728b)
Start importing Assets/assets/exo materials/Models/table_LOD1.fbx using Guid(732775891c381fd42a0d1741538ab426) Importer(815301076,1909f56bfc062723c751e8b465ee728b)  -> (artifact id: '02d3723a4350c6835bfc3bbec09e8174') in 0.054754 seconds
Number of updated asset objects reloaded before import = 0
Number of asset objects unloaded after import = 10
========================================================================
Received Import Request.
  Time since last request: 534.061296 seconds.
  path: Assets/assets/exo materials/Models/Lowpoly_Notebook_2.obj
  artifactKey: Guid(3e29ad1ccc9983c4a86de2b4ae2fa971) Importer(815301076,1909f56bfc062723c751e8b465ee728b)
Start importing Assets/assets/exo materials/Models/Lowpoly_Notebook_2.obj using Guid(3e29ad1ccc9983c4a86de2b4ae2fa971) Importer(815301076,1909f56bfc062723c751e8b465ee728b)  -> (artifact id: '69772d3779e504ed284d4bfa2ebe084c') in 0.030448 seconds
Number of updated asset objects reloaded before import = 0
Number of asset objects unloaded after import = 10
========================================================================
Received Import Request.
  Time since last request: 15.747691 seconds.
  path: Assets/assets/exo materials/Materials/computer
  artifactKey: Guid(2fde972fb47be9d41a69e0488840f052) Importer(815301076,1909f56bfc062723c751e8b465ee728b)
Start importing Assets/assets/exo materials/Materials/computer using Guid(2fde972fb47be9d41a69e0488840f052) Importer(815301076,1909f56bfc062723c751e8b465ee728b)  -> (artifact id: 'e91420221a21f74aee4067cd598faddb') in 0.000557 seconds
Number of updated asset objects reloaded before import = 0
Number of asset objects unloaded after import = 0
========================================================================
Received Import Request.
  Time since last request: 12.608308 seconds.
  path: Assets/assets/exo materials/Materials/computer/Lowpoly_Laptop_1.jpg
  artifactKey: Guid(6f2c67febe86d4a4d9ccf8b94fcd4ad4) Importer(815301076,1909f56bfc062723c751e8b465ee728b)
Start importing Assets/assets/exo materials/Materials/computer/Lowpoly_Laptop_1.jpg using Guid(6f2c67febe86d4a4d9ccf8b94fcd4ad4) Importer(815301076,1909f56bfc062723c751e8b465ee728b)  -> (artifact id: 'e6a0aa384a7c15c651f3ab373c053be5') in 0.026564 seconds
Number of updated asset objects reloaded before import = 0
Number of asset objects unloaded after import = 2
========================================================================
Received Import Request.
  Time since last request: 0.000020 seconds.
  path: Assets/assets/exo materials/Materials/computer/Lowpoly_Laptop_Nor_1.jpg
  artifactKey: Guid(698c38cb016ef544cb02dc8a11b0aac7) Importer(815301076,1909f56bfc062723c751e8b465ee728b)
Start importing Assets/assets/exo materials/Materials/computer/Lowpoly_Laptop_Nor_1.jpg using Guid(698c38cb016ef544cb02dc8a11b0aac7) Importer(815301076,1909f56bfc062723c751e8b465ee728b)  -> (artifact id: 'f701c15aa0d7e99de1ee7aa6267ba643') in 0.021702 seconds
Number of updated asset objects reloaded before import = 0
Number of asset objects unloaded after import = 2
========================================================================
Received Import Request.
  Time since last request: 0.000018 seconds.
  path: Assets/assets/exo materials/Materials/computer/Lowpoly_Laptop_Nor_2.jpg
  artifactKey: Guid(fc17c0857b033554298682e59ba03df2) Importer(815301076,1909f56bfc062723c751e8b465ee728b)
Start importing Assets/assets/exo materials/Materials/computer/Lowpoly_Laptop_Nor_2.jpg using Guid(fc17c0857b033554298682e59ba03df2) Importer(815301076,1909f56bfc062723c751e8b465ee728b)  -> (artifact id: '4981b12d4d05516f0691fd53fcf5b88d') in 0.021703 seconds
Number of updated asset objects reloaded before import = 0
Number of asset objects unloaded after import = 2
========================================================================
Received Import Request.
  Time since last request: 6.795582 seconds.
  path: Assets/assets/exo materials/Materials/computer/M_computer.mat
  artifactKey: Guid(3a6e726a4a6a2f645896ac861a6f67ba) Importer(815301076,1909f56bfc062723c751e8b465ee728b)
Start importing Assets/assets/exo materials/Materials/computer/M_computer.mat using Guid(3a6e726a4a6a2f645896ac861a6f67ba) Importer(815301076,1909f56bfc062723c751e8b465ee728b)  -> (artifact id: 'ae4e36861109540301e5db8eb9dadc85') in 0.012801 seconds
Number of updated asset objects reloaded before import = 0
Number of asset objects unloaded after import = 1
========================================================================
Received Import Request.
  Time since last request: 235.243397 seconds.
  path: Assets/assets/exo materials/Models/Laptop_High-Polay_HP_BI_2_obj.obj
  artifactKey: Guid(4dfd8ed1ba242134eabeb5e4ed530b6a) Importer(815301076,1909f56bfc062723c751e8b465ee728b)
Start importing Assets/assets/exo materials/Models/Laptop_High-Polay_HP_BI_2_obj.obj using Guid(4dfd8ed1ba242134eabeb5e4ed530b6a) Importer(815301076,1909f56bfc062723c751e8b465ee728b)  -> (artifact id: 'd368733c6537377eacf4ab6aa251ecfa') in 0.041304 seconds
Number of updated asset objects reloaded before import = 0
Number of asset objects unloaded after import = 10
========================================================================
Received Import Request.
  Time since last request: 13.982136 seconds.
  path: Assets/assets/exo materials/Materials/computer/Bake_Col_3.jpg
  artifactKey: Guid(2c8d2c9a1459fc54fb8c8be89416aa20) Importer(815301076,1909f56bfc062723c751e8b465ee728b)
Start importing Assets/assets/exo materials/Materials/computer/Bake_Col_3.jpg using Guid(2c8d2c9a1459fc54fb8c8be89416aa20) Importer(815301076,1909f56bfc062723c751e8b465ee728b)  -> (artifact id: 'e58268a8c492fb40b2afe8c7ca208a65') in 0.018867 seconds
Number of updated asset objects reloaded before import = 0
Number of asset objects unloaded after import = 2
========================================================================
Received Import Request.
  Time since last request: 133.385506 seconds.
  path: Assets/assets/exo materials/Materials/bowl
  artifactKey: Guid(1aef411d9b09d304a9f7c766df6aa6f0) Importer(815301076,1909f56bfc062723c751e8b465ee728b)
Start importing Assets/assets/exo materials/Materials/bowl using Guid(1aef411d9b09d304a9f7c766df6aa6f0) Importer(815301076,1909f56bfc062723c751e8b465ee728b)  -> (artifact id: '2a6a698d0fd7be4f920ccc3994f373bd') in 0.000645 seconds
Number of updated asset objects reloaded before import = 0
Number of asset objects unloaded after import = 0
========================================================================
Received Import Request.
  Time since last request: 12.815316 seconds.
  path: Assets/assets/exo materials/Models/wgwneci_lod1.fbx
  artifactKey: Guid(67d18c600e60bdc42896d373ba660020) Importer(815301076,1909f56bfc062723c751e8b465ee728b)
Start importing Assets/assets/exo materials/Models/wgwneci_lod1.fbx using Guid(67d18c600e60bdc42896d373ba660020) Importer(815301076,1909f56bfc062723c751e8b465ee728b)  -> (artifact id: '20327e1b1b1373297ecdfb7228322b35') in 0.036280 seconds
Number of updated asset objects reloaded before import = 0
Number of asset objects unloaded after import = 10
========================================================================
Received Import Request.
  Time since last request: 58.764331 seconds.
  path: Assets/assets/exo materials/Materials/bowl/wgwneci_4K_Albedo.jpg
  artifactKey: Guid(1fc4a1fd302b906489bdc661bdad5642) Importer(815301076,1909f56bfc062723c751e8b465ee728b)
Start importing Assets/assets/exo materials/Materials/bowl/wgwneci_4K_Albedo.jpg using Guid(1fc4a1fd302b906489bdc661bdad5642) Importer(815301076,1909f56bfc062723c751e8b465ee728b)  -> (artifact id: 'a91b936f461461fc0252fb238de4e511') in 0.030198 seconds
Number of updated asset objects reloaded before import = 0
Number of asset objects unloaded after import = 2
========================================================================
Received Import Request.
  Time since last request: 4.130730 seconds.
  path: Assets/assets/exo materials/Materials/bowl/wgwneci_4K_Displacement.jpg
  artifactKey: Guid(566e123e1ca68d54aa4e6950cc30e816) Importer(815301076,1909f56bfc062723c751e8b465ee728b)
Start importing Assets/assets/exo materials/Materials/bowl/wgwneci_4K_Displacement.jpg using Guid(566e123e1ca68d54aa4e6950cc30e816) Importer(815301076,1909f56bfc062723c751e8b465ee728b)  -> (artifact id: '6d8e91d72c48af0eb53c19762c57894f') in 0.039094 seconds
Number of updated asset objects reloaded before import = 0
Number of asset objects unloaded after import = 2
========================================================================
Received Import Request.
  Time since last request: 3.116888 seconds.
  path: Assets/assets/exo materials/Materials/bowl/wgwneci_4K_Normal_LOD1.jpg
  artifactKey: Guid(d36cfb4d1f2c3564ebf7cca42694f463) Importer(815301076,1909f56bfc062723c751e8b465ee728b)
Start importing Assets/assets/exo materials/Materials/bowl/wgwneci_4K_Normal_LOD1.jpg using Guid(d36cfb4d1f2c3564ebf7cca42694f463) Importer(815301076,1909f56bfc062723c751e8b465ee728b)  -> (artifact id: '585f2aa55ba7389392a33d8965fa6207') in 0.020554 seconds
Number of updated asset objects reloaded before import = 0
Number of asset objects unloaded after import = 2
========================================================================
Received Import Request.
  Time since last request: 5.076210 seconds.
  path: Assets/assets/exo materials/Materials/bowl/wgwneci_4K_Roughness.jpg
  artifactKey: Guid(f62aa5aa55d9e9648b27d35c88145ce8) Importer(815301076,1909f56bfc062723c751e8b465ee728b)
Start importing Assets/assets/exo materials/Materials/bowl/wgwneci_4K_Roughness.jpg using Guid(f62aa5aa55d9e9648b27d35c88145ce8) Importer(815301076,1909f56bfc062723c751e8b465ee728b)  -> (artifact id: '976ea427936b1fbbd50e5e61caedb99d') in 0.020552 seconds
Number of updated asset objects reloaded before import = 0
Number of asset objects unloaded after import = 2
========================================================================
Received Import Request.
  Time since last request: 18.229705 seconds.
  path: Assets/assets/exo materials/Materials/bowl/M_bowl.mat
  artifactKey: Guid(b388c946523498a49ac950a45f205856) Importer(815301076,1909f56bfc062723c751e8b465ee728b)
Start importing Assets/assets/exo materials/Materials/bowl/M_bowl.mat using Guid(b388c946523498a49ac950a45f205856) Importer(815301076,1909f56bfc062723c751e8b465ee728b)  -> (artifact id: '5f3cdaeae3a76b5cb8ac8d92368e57ca') in 0.014296 seconds
Number of updated asset objects reloaded before import = 0
Number of asset objects unloaded after import = 1
========================================================================
Received Import Request.
  Time since last request: 65.792650 seconds.
  path: Assets/assets/exo materials/Materials/bowl/wgwneci_4K_Normal_LOD1.jpg
  artifactKey: Guid(d36cfb4d1f2c3564ebf7cca42694f463) Importer(815301076,1909f56bfc062723c751e8b465ee728b)
Start importing Assets/assets/exo materials/Materials/bowl/wgwneci_4K_Normal_LOD1.jpg using Guid(d36cfb4d1f2c3564ebf7cca42694f463) Importer(815301076,1909f56bfc062723c751e8b465ee728b)  -> (artifact id: 'edaa9f7766e6f56780619cded654e680') in 0.031632 seconds
Number of updated asset objects reloaded before import = 0
Number of asset objects unloaded after import = 2
========================================================================
Received Prepare
Begin MonoManager ReloadAssembly
- Loaded All Assemblies, in  0.606 seconds
Refreshing native plugins compatible for Editor in 4.26 ms, found 3 plugins.
Native extension for WindowsStandalone target not found
[Package Manager] Server::EnsureServerProcessIsRunning -- launch failed, reason: Unity was launched with the -noUpm command-line argument
[Package Manager] UpmClient::Send -- Unable to send message (not connected to UPM process).
[Package Manager] Cannot connect to Unity Package Manager local server
Mono: successfully reloaded assembly
- Finished resetting the current domain, in  1.205 seconds
Domain Reload Profiling: 1808ms
	BeginReloadAssembly (224ms)
		ExecutionOrderSort (0ms)
		DisableScriptedObjects (5ms)
		BackupInstance (0ms)
		ReleaseScriptingObjects (0ms)
		CreateAndSetChildDomain (61ms)
	RebuildCommonClasses (43ms)
	RebuildNativeTypeToScriptingClass (12ms)
	initialDomainReloadingComplete (34ms)
	LoadAllAssembliesAndSetupDomain (288ms)
		LoadAssemblies (402ms)
		RebuildTransferFunctionScriptingTraits (0ms)
		AnalyzeDomain (13ms)
			TypeCache.Refresh (6ms)
				TypeCache.ScanAssembly (0ms)
			ScanForSourceGeneratedMonoScriptInfo (0ms)
			ResolveRequiredComponents (5ms)
	FinalizeReload (1206ms)
		ReleaseScriptCaches (0ms)
		RebuildScriptCaches (0ms)
		SetupLoadedEditorAssemblies (486ms)
			LogAssemblyErrors (0ms)
			InitializePlatformSupportModulesInManaged (8ms)
			SetLoadedEditorAssemblies (5ms)
			RefreshPlugins (0ms)
			BeforeProcessingInitializeOnLoad (82ms)
			ProcessInitializeOnLoadAttributes (361ms)
			ProcessInitializeOnLoadMethodAttributes (25ms)
			AfterProcessingInitializeOnLoad (4ms)
			EditorAssembliesLoaded (0ms)
		ExecutionOrderSort2 (0ms)
		AwakeInstancesAfterBackupRestoration (10ms)
Refreshing native plugins compatible for Editor in 4.53 ms, found 3 plugins.
Preloading 0 native plugins for Editor in 0.00 ms.
Unloading 3067 Unused Serialized files (Serialized files now loaded: 0)
Unloading 22 unused Assets / (30.5 KB). Loaded Objects now: 3587.
Memory consumption went from 118.0 MB to 118.0 MB.
Total: 3.445900 ms (FindLiveObjects: 0.291000 ms CreateObjectMapping: 0.249800 ms MarkObjects: 2.854900 ms  DeleteObjects: 0.049200 ms)

Prepare: number of updated asset objects reloaded= 0
AssetImportParameters requested are different than current active one (requested -> active):
  custom:container-demuxer-ogg: 62fdf1f143b41e24485cea50d1cbac27 -> 
  custom:video-decoder-ogg-theora: a1e56fd34408186e4bbccfd4996cb3dc -> 
  custom:framework-win-MediaFoundation: 216162199b28c13a410421893ffa2e32 -> 
  custom:CustomObjectIndexerAttribute: 756ad292c208cfabdd7b50bc23989ffe -> 
  custom:container-demuxer-webm: 4f35f7cbe854078d1ac9338744f61a02 -> 
  custom:container-muxer-webm: aa71ff27fc2769a1b78a27578f13a17b -> 
  custom:video-decoder-webm-vp8: 9c59270c3fd7afecdb556c50c9e8de78 -> 
  custom:SearchIndexIgnoredProperties: e643bd26f0fe6173181afceb89e7c659 -> 
  custom:AudioImporter_EditorPlatform: d09bf68614088b80899f8185d706f6e7 -> 
  custom:video-encoder-webm-vp8: eb34c28f22e8b96e1ab97ce403110664 -> 
  custom:audio-decoder-ogg-vorbis: bf7c407c2cedff20999df2af8eb42d56 -> 
  custom:audio-encoder-webm-vorbis: bf7c407c2cedff20999df2af8eb42d56 -> 
